<?xml version="1.0" encoding="UTF-8"?>
<testng-results skipped="0" failed="0" total="2" passed="2">
  <reporter-output>
  </reporter-output>
  <suite name="Suite" duration-ms="76" started-at="2017-12-11T06:26:45Z" finished-at="2017-12-11T06:26:45Z">
    <groups>
    </groups>
    <test name="Test" duration-ms="76" started-at="2017-12-11T06:26:45Z" finished-at="2017-12-11T06:26:45Z">
      <class name="MavenProject.SeleniumMavenDec.testNGTest">
        <test-method status="PASS" signature="beforeMethod()[pri:0, instance:MavenProject.SeleniumMavenDec.testNGTest@5cc7c2a6]" name="beforeMethod" is-config="true" duration-ms="21" started-at="2017-12-11T01:26:45Z" finished-at="2017-12-11T01:26:45Z">
          <reporter-output>
          </reporter-output>
        </test-method> <!-- beforeMethod -->
        <test-method status="PASS" signature="TC001()[pri:0, instance:MavenProject.SeleniumMavenDec.testNGTest@5cc7c2a6]" name="TC001" duration-ms="5" started-at="2017-12-11T01:26:45Z" finished-at="2017-12-11T01:26:45Z">
          <reporter-output>
          </reporter-output>
        </test-method> <!-- TC001 -->
        <test-method status="PASS" signature="afterMethod()[pri:0, instance:MavenProject.SeleniumMavenDec.testNGTest@5cc7c2a6]" name="afterMethod" is-config="true" duration-ms="1" started-at="2017-12-11T01:26:45Z" finished-at="2017-12-11T01:26:45Z">
          <reporter-output>
          </reporter-output>
        </test-method> <!-- afterMethod -->
        <test-method status="PASS" signature="beforeMethod()[pri:0, instance:MavenProject.SeleniumMavenDec.testNGTest@5cc7c2a6]" name="beforeMethod" is-config="true" duration-ms="4" started-at="2017-12-11T01:26:45Z" finished-at="2017-12-11T01:26:45Z">
          <reporter-output>
          </reporter-output>
        </test-method> <!-- beforeMethod -->
        <test-method status="PASS" signature="TC002()[pri:0, instance:MavenProject.SeleniumMavenDec.testNGTest@5cc7c2a6]" name="TC002" duration-ms="1" started-at="2017-12-11T01:26:45Z" finished-at="2017-12-11T01:26:45Z">
          <reporter-output>
          </reporter-output>
        </test-method> <!-- TC002 -->
        <test-method status="PASS" signature="afterMethod()[pri:0, instance:MavenProject.SeleniumMavenDec.testNGTest@5cc7c2a6]" name="afterMethod" is-config="true" duration-ms="1" started-at="2017-12-11T01:26:45Z" finished-at="2017-12-11T01:26:45Z">
          <reporter-output>
          </reporter-output>
        </test-method> <!-- afterMethod -->
      </class> <!-- MavenProject.SeleniumMavenDec.testNGTest -->
    </test> <!-- Test -->
  </suite> <!-- Suite -->
</testng-results>
