<?xml version="1.0" encoding="UTF-8"?>
<testsuite xmlns:xsi="http://www.w3.org/2001/XMLSchema-instance" xsi:noNamespaceSchemaLocation="https://maven.apache.org/surefire/maven-surefire-plugin/xsd/surefire-test-report.xsd" name="TestSuite" time="1.351" tests="2" errors="0" skipped="0" failures="0">
  <properties>
[...]
</properties>
  <testcase name="TC001" classname="MavenProject.SeleniumMavenDec.testNGTest" time="0.003"/>
  <testcase name="TC002" classname="MavenProject.SeleniumMavenDec.testNGTest" time="0.002"/>
</testsuite>