<?xml version="1.0" encoding="UTF-8"?>
<!-- Generated by org.testng.reporters.JUnitXMLReporter -->
<testsuite hostname="LAPTOP-JEI8AS0O" ignored="0" name="Test" tests="4" failures="0" timestamp="10 Jul 2018 23:09:30 GMT" time="6.924" errors="0">
  <testcase name="f1" time="0.005" classname="com.gridsel.SecondCase"/>
  <testcase name="f2" time="0.003" classname="com.gridsel.SecondCase"/>
  <testcase name="f3" time="0.001" classname="com.gridsel.SecondCase"/>
  <testcase name="f4" time="0.0" classname="com.gridsel.SecondCase"/>
</testsuite> <!-- Test -->
