<?xml version="1.0" encoding="UTF-8"?>
<!-- Generated by org.testng.reporters.JUnitXMLReporter -->
<testsuite hostname="LAPTOP-JEI8AS0O" ignored="0" name="Test" tests="3" failures="0" timestamp="01 Jul 2018 17:14:08 GMT" time="0.028" errors="0">
  <testcase name="functionOne" time="0.003" classname="com.MavenSelenium.TestOne"/>
  <testcase name="functionThree" time="0.002" classname="com.MavenSelenium.TestOne"/>
  <testcase name="functionTwo" time="0.002" classname="com.MavenSelenium.TestOne"/>
</testsuite> <!-- Test -->
