<?xml version="1.0" encoding="UTF-8"?>
<testng-results skipped="0" failed="0" total="3" passed="3">
  <reporter-output>
  </reporter-output>
  <suite name="Suite" duration-ms="168" started-at="2017-09-16T18:06:44Z" finished-at="2017-09-16T18:06:44Z">
    <groups>
    </groups>
    <test name="Test" duration-ms="168" started-at="2017-09-16T18:06:44Z" finished-at="2017-09-16T18:06:44Z">
      <class name="Session5.ClassOne">
        <test-method status="PASS" signature="beforeMethod()[pri:0, instance:Session5.ClassOne@28feb3fa]" name="beforeMethod" is-config="true" duration-ms="1" started-at="2017-09-16T14:06:44Z" finished-at="2017-09-16T14:06:44Z">
          <reporter-output>
          </reporter-output>
        </test-method> <!-- beforeMethod -->
        <test-method status="PASS" signature="TestOne()[pri:0, instance:Session5.ClassOne@28feb3fa]" name="TestOne" duration-ms="10" started-at="2017-09-16T14:06:44Z" finished-at="2017-09-16T14:06:44Z">
          <reporter-output>
          </reporter-output>
        </test-method> <!-- TestOne -->
        <test-method status="PASS" signature="afterMethod()[pri:0, instance:Session5.ClassOne@28feb3fa]" name="afterMethod" is-config="true" duration-ms="1" started-at="2017-09-16T14:06:44Z" finished-at="2017-09-16T14:06:44Z">
          <reporter-output>
          </reporter-output>
        </test-method> <!-- afterMethod -->
      </class> <!-- Session5.ClassOne -->
      <class name="Session5.ClassTwo">
        <test-method status="PASS" signature="beforeClass()[pri:0, instance:Session5.ClassTwo@68be2bc2]" name="beforeClass" is-config="true" duration-ms="23" started-at="2017-09-16T14:06:44Z" finished-at="2017-09-16T14:06:44Z">
          <reporter-output>
          </reporter-output>
        </test-method> <!-- beforeClass -->
        <test-method status="PASS" signature="beforeMethod()[pri:0, instance:Session5.ClassTwo@68be2bc2]" name="beforeMethod" is-config="true" duration-ms="3" started-at="2017-09-16T14:06:44Z" finished-at="2017-09-16T14:06:44Z">
          <reporter-output>
          </reporter-output>
        </test-method> <!-- beforeMethod -->
        <test-method status="PASS" signature="TestB()[pri:0, instance:Session5.ClassTwo@68be2bc2]" name="TestB" duration-ms="16" started-at="2017-09-16T14:06:44Z" finished-at="2017-09-16T14:06:44Z">
          <reporter-output>
          </reporter-output>
        </test-method> <!-- TestB -->
        <test-method status="PASS" signature="afterMethod()[pri:0, instance:Session5.ClassTwo@68be2bc2]" name="afterMethod" is-config="true" duration-ms="1" started-at="2017-09-16T14:06:44Z" finished-at="2017-09-16T14:06:44Z">
          <reporter-output>
          </reporter-output>
        </test-method> <!-- afterMethod -->
        <test-method status="PASS" signature="TestC()[pri:0, instance:Session5.ClassTwo@68be2bc2]" name="TestC" duration-ms="7" started-at="2017-09-16T14:06:44Z" finished-at="2017-09-16T14:06:44Z">
          <reporter-output>
          </reporter-output>
        </test-method> <!-- TestC -->
        <test-method status="PASS" signature="beforeMethod()[pri:0, instance:Session5.ClassTwo@68be2bc2]" name="beforeMethod" is-config="true" duration-ms="0" started-at="2017-09-16T14:06:44Z" finished-at="2017-09-16T14:06:44Z">
          <reporter-output>
          </reporter-output>
        </test-method> <!-- beforeMethod -->
        <test-method status="PASS" signature="afterMethod()[pri:0, instance:Session5.ClassTwo@68be2bc2]" name="afterMethod" is-config="true" duration-ms="3" started-at="2017-09-16T14:06:44Z" finished-at="2017-09-16T14:06:44Z">
          <reporter-output>
          </reporter-output>
        </test-method> <!-- afterMethod -->
        <test-method status="PASS" signature="afterClass()[pri:0, instance:Session5.ClassTwo@68be2bc2]" name="afterClass" is-config="true" duration-ms="2" started-at="2017-09-16T14:06:44Z" finished-at="2017-09-16T14:06:44Z">
          <reporter-output>
          </reporter-output>
        </test-method> <!-- afterClass -->
      </class> <!-- Session5.ClassTwo -->
    </test> <!-- Test -->
  </suite> <!-- Suite -->
</testng-results>
