<?xml version="1.0" encoding="UTF-8"?>
<testng-results skipped="0" failed="0" ignored="0" total="3" passed="3">
  <reporter-output>
  </reporter-output>
  <suite name="Suite" duration-ms="28" started-at="2018-07-01T17:14:08Z" finished-at="2018-07-01T17:14:08Z">
    <groups>
    </groups>
    <test name="Test" duration-ms="28" started-at="2018-07-01T17:14:08Z" finished-at="2018-07-01T17:14:08Z">
      <class name="com.MavenSelenium.TestOne">
        <test-method status="PASS" signature="beforeSuite()[pri:0, instance:com.MavenSelenium.TestOne@59f99ea]" name="beforeSuite" is-config="true" duration-ms="9" started-at="2018-07-01T17:14:08Z" finished-at="2018-07-01T17:14:08Z">
          <reporter-output>
          </reporter-output>
        </test-method> <!-- beforeSuite -->
        <test-method status="PASS" signature="beforeTest()[pri:0, instance:com.MavenSelenium.TestOne@59f99ea]" name="beforeTest" is-config="true" duration-ms="0" started-at="2018-07-01T17:14:08Z" finished-at="2018-07-01T17:14:08Z">
          <reporter-output>
          </reporter-output>
        </test-method> <!-- beforeTest -->
        <test-method status="PASS" signature="beforeClass()[pri:0, instance:com.MavenSelenium.TestOne@59f99ea]" name="beforeClass" is-config="true" duration-ms="0" started-at="2018-07-01T17:14:08Z" finished-at="2018-07-01T17:14:08Z">
          <reporter-output>
          </reporter-output>
        </test-method> <!-- beforeClass -->
        <test-method status="PASS" signature="beforeMethod()[pri:0, instance:com.MavenSelenium.TestOne@59f99ea]" name="beforeMethod" is-config="true" duration-ms="0" started-at="2018-07-01T17:14:08Z" finished-at="2018-07-01T17:14:08Z">
          <reporter-output>
          </reporter-output>
        </test-method> <!-- beforeMethod -->
        <test-method status="PASS" signature="functionOne()[pri:0, instance:com.MavenSelenium.TestOne@59f99ea]" name="functionOne" duration-ms="3" started-at="2018-07-01T17:14:08Z" finished-at="2018-07-01T17:14:08Z">
          <reporter-output>
          </reporter-output>
        </test-method> <!-- functionOne -->
        <test-method status="PASS" signature="afterMethod()[pri:0, instance:com.MavenSelenium.TestOne@59f99ea]" name="afterMethod" is-config="true" duration-ms="1" started-at="2018-07-01T17:14:08Z" finished-at="2018-07-01T17:14:08Z">
          <reporter-output>
          </reporter-output>
        </test-method> <!-- afterMethod -->
        <test-method status="PASS" signature="beforeMethod()[pri:0, instance:com.MavenSelenium.TestOne@59f99ea]" name="beforeMethod" is-config="true" duration-ms="0" started-at="2018-07-01T17:14:08Z" finished-at="2018-07-01T17:14:08Z">
          <reporter-output>
          </reporter-output>
        </test-method> <!-- beforeMethod -->
        <test-method status="PASS" signature="functionThree()[pri:0, instance:com.MavenSelenium.TestOne@59f99ea]" name="functionThree" duration-ms="2" started-at="2018-07-01T17:14:08Z" finished-at="2018-07-01T17:14:08Z">
          <reporter-output>
          </reporter-output>
        </test-method> <!-- functionThree -->
        <test-method status="PASS" signature="afterMethod()[pri:0, instance:com.MavenSelenium.TestOne@59f99ea]" name="afterMethod" is-config="true" duration-ms="0" started-at="2018-07-01T17:14:08Z" finished-at="2018-07-01T17:14:08Z">
          <reporter-output>
          </reporter-output>
        </test-method> <!-- afterMethod -->
        <test-method status="PASS" signature="beforeMethod()[pri:0, instance:com.MavenSelenium.TestOne@59f99ea]" name="beforeMethod" is-config="true" duration-ms="0" started-at="2018-07-01T17:14:08Z" finished-at="2018-07-01T17:14:08Z">
          <reporter-output>
          </reporter-output>
        </test-method> <!-- beforeMethod -->
        <test-method status="PASS" signature="functionTwo()[pri:0, instance:com.MavenSelenium.TestOne@59f99ea]" name="functionTwo" duration-ms="2" started-at="2018-07-01T17:14:08Z" finished-at="2018-07-01T17:14:08Z">
          <reporter-output>
          </reporter-output>
        </test-method> <!-- functionTwo -->
        <test-method status="PASS" signature="afterMethod()[pri:0, instance:com.MavenSelenium.TestOne@59f99ea]" name="afterMethod" is-config="true" duration-ms="0" started-at="2018-07-01T17:14:08Z" finished-at="2018-07-01T17:14:08Z">
          <reporter-output>
          </reporter-output>
        </test-method> <!-- afterMethod -->
        <test-method status="PASS" signature="afterClass()[pri:0, instance:com.MavenSelenium.TestOne@59f99ea]" name="afterClass" is-config="true" duration-ms="0" started-at="2018-07-01T17:14:08Z" finished-at="2018-07-01T17:14:08Z">
          <reporter-output>
          </reporter-output>
        </test-method> <!-- afterClass -->
        <test-method status="PASS" signature="afterTest()[pri:0, instance:com.MavenSelenium.TestOne@59f99ea]" name="afterTest" is-config="true" duration-ms="0" started-at="2018-07-01T17:14:08Z" finished-at="2018-07-01T17:14:08Z">
          <reporter-output>
          </reporter-output>
        </test-method> <!-- afterTest -->
        <test-method status="PASS" signature="afterSuite()[pri:0, instance:com.MavenSelenium.TestOne@59f99ea]" name="afterSuite" is-config="true" duration-ms="0" started-at="2018-07-01T17:14:08Z" finished-at="2018-07-01T17:14:08Z">
          <reporter-output>
          </reporter-output>
        </test-method> <!-- afterSuite -->
      </class> <!-- com.MavenSelenium.TestOne -->
    </test> <!-- Test -->
  </suite> <!-- Suite -->
</testng-results>
