<?xml version="1.0" encoding="UTF-8"?>
<!-- Generated by org.testng.reporters.JUnitXMLReporter -->
<testsuite hostname="Hasan" name="Test" tests="10" failures="2" timestamp="14 Oct 2017 18:26:40 GMT" time="201.618" errors="0">
  <testcase name="divions" time="0.017" classname="TestNGFramework.GoogleSearch"/>
  <testcase name="googleSearch" time="4.039" classname="TestNGFramework.GoogleSearch">
    <failure type="java.lang.AssertionError" message="Title Check expected [abc] but found [Selenium - Google Search]">
      <![CDATA[java.lang.AssertionError: Title Check expected [abc] but found [Selenium - Google Search]
	at TestNGFramework.GoogleSearch.googleSearch(GoogleSearch.java:35)
... Removed 28 stack frames]]>
    </failure>
  </testcase> <!-- googleSearch -->
  <testcase name="navigation" time="6.502" classname="TestNGFramework.GoogleSearch"/>
  <testcase name="sample" time="0.009" classname="TestNGFramework.GoogleSearch"/>
  <testcase name="Test1" time="0.006" classname="TestNGFramework.TestScript"/>
  <testcase name="Test2" time="0.008" classname="TestNGFramework.TestScript"/>
  <testcase name="divions" time="0.006" classname="TestNGFramework.TestScript"/>
  <testcase name="googleSearch" time="4.355" classname="TestNGFramework.TestScript">
    <failure type="java.lang.AssertionError" message="Title Check expected [abc] but found [Selenium - Google Search]">
      <![CDATA[java.lang.AssertionError: Title Check expected [abc] but found [Selenium - Google Search]
	at TestNGFramework.TestScript.googleSearch(TestScript.java:48)
... Removed 28 stack frames]]>
    </failure>
  </testcase> <!-- googleSearch -->
  <testcase name="navigation" time="6.694" classname="TestNGFramework.TestScript"/>
  <testcase name="sample" time="0.022" classname="TestNGFramework.TestScript"/>
</testsuite> <!-- Test -->
