<?xml version="1.0" encoding="UTF-8"?>
<!-- Generated by org.testng.reporters.JUnitXMLReporter -->
<testsuite hostname="Hasan" name="Test" tests="4" failures="0" timestamp="29 Apr 2018 16:27:53 GMT" time="121.469" errors="0">
  <testcase name="verifyForgotAccountLink" time="4.74" classname="com.learning.NewTest"/>
  <testcase name="validLogin" time="0.003" classname="com.learning.NewTest"/>
  <testcase name="invalidloginTestTwo" time="9.97" classname="com.learning.NewTestTwo"/>
  <testcase name="invalidloginTestThree" time="7.694" classname="com.learning.NewTestThree"/>
</testsuite> <!-- Test -->
