<?xml version="1.0" encoding="UTF-8"?>
<testsuite xmlns:xsi="http://www.w3.org/2001/XMLSchema-instance" xsi:schemaLocation="https://maven.apache.org/surefire/maven-surefire-plugin/xsd/surefire-test-report.xsd" name="TestSuite" time="145.936" tests="4" errors="0" skipped="2" failures="2">
  <properties>
[...]
</properties>
  <testcase name="beforeMethod" classname="learning.maven.MavenMarch12018.TestCaseOne" time="143.717">
    <failure message="Failed to connect to binary FirefoxBinary(C:\Program Files (x86)\Mozilla Firefox\firefox.exe) on port 7055; process output follows: &#10;DEBUG	Loaded provider scope for resource://gre/modules/addons/XPIProvider.jsm: [&quot;XPIProvider&quot;]&#10;1522699856497	addons.manager	DEBUG	Loaded provider scope for resource://gre/modules/LightweightThemeManager.jsm: [&quot;LightweightThemeManager&quot;]&#10;1522699856526	addons.manager	DEBUG	Loaded provider scope for resource://gre/modules/addons/GMPProvider.jsm&#10;1522699856532	addons.manager	DEBUG	Loaded provider scope for resource://gre/modules/addons/PluginProvider.jsm&#10;1522699856539	addons.manager	DEBUG	Starting provider: XPIProvider&#10;1522699856541	addons.xpi	DEBUG	startup&#10;1522699856544	addons.xpi	INFO	Mapping fxdriver@googlecode.com to C:\Users\Fakhrul\AppData\Local\Temp\anonymous2090419590175510009webdriver-profile\extensions\fxdriver@googlecode.com&#10;1522699856546	addons.xpi	DEBUG	Ignoring file entry whose name is not a valid add-on ID: C:\Users\Fakhrul\AppData\Local\Temp\anonymous2090419590175510009webdriver-profile\extensions\webdriver-staging&#10;1522699856548	addons.xpi	INFO	SystemAddonInstallLocation directory is missing&#10;1522699856557	addons.xpi	INFO	Mapping e10srollout@mozilla.org to C:\Program Files (x86)\Mozilla Firefox\browser\features\e10srollout@mozilla.org.xpi&#10;1522699856565	addons.xpi	INFO	Mapping firefox@getpocket.com to C:\Program Files (x86)\Mozilla Firefox\browser\features\firefox@getpocket.com.xpi&#10;1522699856567	addons.xpi	INFO	Mapping loop@mozilla.org to C:\Program Files (x86)\Mozilla Firefox\browser\features\loop@mozilla.org.xpi&#10;1522699856946	addons.xpi	WARN	Ignoring missing add-on in C:\Program Files (x86)\HPE\Unified Functional Testing\Bin\Mozilla\Common&#10;1522699856952	addons.xpi	INFO	Mapping {972ce4c6-7e08-4474-a285-3208198ce6fd} to C:\Program Files (x86)\Mozilla Firefox\browser\extensions\{972ce4c6-7e08-4474-a285-3208198ce6fd}.xpi&#10;1522699856953	addons.xpi	DEBUG	Skipping unavailable install location app-system-share&#10;1522699856953	addons.xpi	DEBUG	Skipping unavailable install location app-system-local&#10;1522699856956	addons.xpi	DEBUG	checkForChanges&#10;1522699856959	addons.xpi	DEBUG	Loaded add-on state from prefs: {}&#10;1522699857097	addons.xpi	DEBUG	New add-on fxdriver@googlecode.com in app-profile&#10;1522699857098	addons.xpi	DEBUG	getModTime: Recursive scan of fxdriver@googlecode.com&#10;1522699857139	addons.xpi	DEBUG	New add-on e10srollout@mozilla.org in app-system-defaults&#10;1522699857140	addons.xpi	DEBUG	getModTime: Recursive scan of e10srollout@mozilla.org&#10;1522699857202	addons.xpi	DEBUG	New add-on firefox@getpocket.com in app-system-defaults&#10;1522699857203	addons.xpi	DEBUG	getModTime: Recursive scan of firefox@getpocket.com&#10;1522699857206	addons.xpi	DEBUG	New add-on loop@mozilla.org in app-system-defaults&#10;1522699857207	addons.xpi	DEBUG	getModTime: Recursive scan of loop@mozilla.org&#10;1522699857213	addons.xpi	DEBUG	New add-on {972ce4c6-7e08-4474-a285-3208198ce6fd} in app-global&#10;1522699857214	addons.xpi	DEBUG	getModTime: Recursive scan of {972ce4c6-7e08-4474-a285-3208198ce6fd}&#10;1522699857219	addons.xpi	DEBUG	getInstallState changed: true, state: {&quot;app-profile&quot;:{&quot;fxdriver@googlecode.com&quot;:{&quot;d&quot;:&quot;C:\\Users\\Fakhrul\\AppData\\Local\\Temp\\anonymous2090419590175510009webdriver-profile\\extensions\\fxdriver@googlecode.com&quot;,&quot;st&quot;:1522699801401,&quot;mt&quot;:1522699801077}},&quot;app-system-defaults&quot;:{&quot;e10srollout@mozilla.org&quot;:{&quot;d&quot;:&quot;C:\\Program Files (x86)\\Mozilla Firefox\\browser\\features\\e10srollout@mozilla.org.xpi&quot;,&quot;st&quot;:1461279552000},&quot;firefox@getpocket.com&quot;:{&quot;d&quot;:&quot;C:\\Program Files (x86)\\Mozilla Firefox\\browser\\features\\firefox@getpocket.com.xpi&quot;,&quot;st&quot;:1461279552000},&quot;loop@mozilla.org&quot;:{&quot;d&quot;:&quot;C:\\Program Files (x86)\\Mozilla Firefox\\browser\\features\\loop@mozilla.org.xpi&quot;,&quot;st&quot;:1461279552000}},&quot;app-global&quot;:{&quot;{972ce4c6-7e08-4474-a285-3208198ce6fd}&quot;:{&quot;d&quot;:&quot;C:\\Program Files (x86)\\Mozilla Firefox\\browser\\extensions\\{972ce4c6-7e08-4474-a285-3208198ce6fd}.xpi&quot;,&quot;st&quot;:1461279552000}}}&#10;1522699857297	addons.xpi-utils	DEBUG	Opening XPI database C:\Users\Fakhrul\AppData\Local\Temp\anonymous2090419590175510009webdriver-profile\extensions.json&#10;1522699857307	addons.xpi-utils	DEBUG	New add-on fxdriver@googlecode.com installed in app-profile&#10;&#10;Build info: version: &apos;2.53.0&apos;, revision: &apos;35ae25b1534ae328c771e0856c93e187490ca824&apos;, time: &apos;2016-03-15 10:43:46&apos;&#10;System info: host: &apos;Hasan&apos;, ip: &apos;10.75.173.248&apos;, os.name: &apos;Windows 8.1&apos;, os.arch: &apos;amd64&apos;, os.version: &apos;6.3&apos;, java.version: &apos;1.8.0_131&apos;&#10;Driver info: driver.version: FirefoxDriver" type="org.openqa.selenium.WebDriverException">org.openqa.selenium.WebDriverException: 
Failed to connect to binary FirefoxBinary(C:\Program Files (x86)\Mozilla Firefox\firefox.exe) on port 7055; process output follows: 
DEBUG	Loaded provider scope for resource://gre/modules/addons/XPIProvider.jsm: ["XPIProvider"]
1522699856497	addons.manager	DEBUG	Loaded provider scope for resource://gre/modules/LightweightThemeManager.jsm: ["LightweightThemeManager"]
1522699856526	addons.manager	DEBUG	Loaded provider scope for resource://gre/modules/addons/GMPProvider.jsm
1522699856532	addons.manager	DEBUG	Loaded provider scope for resource://gre/modules/addons/PluginProvider.jsm
1522699856539	addons.manager	DEBUG	Starting provider: XPIProvider
1522699856541	addons.xpi	DEBUG	startup
1522699856544	addons.xpi	INFO	Mapping fxdriver@googlecode.com to C:\Users\Fakhrul\AppData\Local\Temp\anonymous2090419590175510009webdriver-profile\extensions\fxdriver@googlecode.com
1522699856546	addons.xpi	DEBUG	Ignoring file entry whose name is not a valid add-on ID: C:\Users\Fakhrul\AppData\Local\Temp\anonymous2090419590175510009webdriver-profile\extensions\webdriver-staging
1522699856548	addons.xpi	INFO	SystemAddonInstallLocation directory is missing
1522699856557	addons.xpi	INFO	Mapping e10srollout@mozilla.org to C:\Program Files (x86)\Mozilla Firefox\browser\features\e10srollout@mozilla.org.xpi
1522699856565	addons.xpi	INFO	Mapping firefox@getpocket.com to C:\Program Files (x86)\Mozilla Firefox\browser\features\firefox@getpocket.com.xpi
1522699856567	addons.xpi	INFO	Mapping loop@mozilla.org to C:\Program Files (x86)\Mozilla Firefox\browser\features\loop@mozilla.org.xpi
1522699856946	addons.xpi	WARN	Ignoring missing add-on in C:\Program Files (x86)\HPE\Unified Functional Testing\Bin\Mozilla\Common
1522699856952	addons.xpi	INFO	Mapping {972ce4c6-7e08-4474-a285-3208198ce6fd} to C:\Program Files (x86)\Mozilla Firefox\browser\extensions\{972ce4c6-7e08-4474-a285-3208198ce6fd}.xpi
1522699856953	addons.xpi	DEBUG	Skipping unavailable install location app-system-share
1522699856953	addons.xpi	DEBUG	Skipping unavailable install location app-system-local
1522699856956	addons.xpi	DEBUG	checkForChanges
1522699856959	addons.xpi	DEBUG	Loaded add-on state from prefs: {}
1522699857097	addons.xpi	DEBUG	New add-on fxdriver@googlecode.com in app-profile
1522699857098	addons.xpi	DEBUG	getModTime: Recursive scan of fxdriver@googlecode.com
1522699857139	addons.xpi	DEBUG	New add-on e10srollout@mozilla.org in app-system-defaults
1522699857140	addons.xpi	DEBUG	getModTime: Recursive scan of e10srollout@mozilla.org
1522699857202	addons.xpi	DEBUG	New add-on firefox@getpocket.com in app-system-defaults
1522699857203	addons.xpi	DEBUG	getModTime: Recursive scan of firefox@getpocket.com
1522699857206	addons.xpi	DEBUG	New add-on loop@mozilla.org in app-system-defaults
1522699857207	addons.xpi	DEBUG	getModTime: Recursive scan of loop@mozilla.org
1522699857213	addons.xpi	DEBUG	New add-on {972ce4c6-7e08-4474-a285-3208198ce6fd} in app-global
1522699857214	addons.xpi	DEBUG	getModTime: Recursive scan of {972ce4c6-7e08-4474-a285-3208198ce6fd}
1522699857219	addons.xpi	DEBUG	getInstallState changed: true, state: {"app-profile":{"fxdriver@googlecode.com":{"d":"C:\\Users\\Fakhrul\\AppData\\Local\\Temp\\anonymous2090419590175510009webdriver-profile\\extensions\\fxdriver@googlecode.com","st":1522699801401,"mt":1522699801077}},"app-system-defaults":{"e10srollout@mozilla.org":{"d":"C:\\Program Files (x86)\\Mozilla Firefox\\browser\\features\\e10srollout@mozilla.org.xpi","st":1461279552000},"firefox@getpocket.com":{"d":"C:\\Program Files (x86)\\Mozilla Firefox\\browser\\features\\firefox@getpocket.com.xpi","st":1461279552000},"loop@mozilla.org":{"d":"C:\\Program Files (x86)\\Mozilla Firefox\\browser\\features\\loop@mozilla.org.xpi","st":1461279552000}},"app-global":{"{972ce4c6-7e08-4474-a285-3208198ce6fd}":{"d":"C:\\Program Files (x86)\\Mozilla Firefox\\browser\\extensions\\{972ce4c6-7e08-4474-a285-3208198ce6fd}.xpi","st":1461279552000}}}
1522699857297	addons.xpi-utils	DEBUG	Opening XPI database C:\Users\Fakhrul\AppData\Local\Temp\anonymous2090419590175510009webdriver-profile\extensions.json
1522699857307	addons.xpi-utils	DEBUG	New add-on fxdriver@googlecode.com installed in app-profile

Build info: version: '2.53.0', revision: '35ae25b1534ae328c771e0856c93e187490ca824', time: '2016-03-15 10:43:46'
System info: host: 'Hasan', ip: '10.75.173.248', os.name: 'Windows 8.1', os.arch: 'amd64', os.version: '6.3', java.version: '1.8.0_131'
Driver info: driver.version: FirefoxDriver
	at learning.maven.MavenMarch12018.TestCaseOne.beforeMethod(TestCaseOne.java:49)
Caused by: org.openqa.selenium.firefox.NotConnectedException: 
Unable to connect to host 127.0.0.1 on port 7055 after 45000 ms. Firefox console output:
DEBUG	Loaded provider scope for resource://gre/modules/addons/XPIProvider.jsm: ["XPIProvider"]
1522699856497	addons.manager	DEBUG	Loaded provider scope for resource://gre/modules/LightweightThemeManager.jsm: ["LightweightThemeManager"]
1522699856526	addons.manager	DEBUG	Loaded provider scope for resource://gre/modules/addons/GMPProvider.jsm
1522699856532	addons.manager	DEBUG	Loaded provider scope for resource://gre/modules/addons/PluginProvider.jsm
1522699856539	addons.manager	DEBUG	Starting provider: XPIProvider
1522699856541	addons.xpi	DEBUG	startup
1522699856544	addons.xpi	INFO	Mapping fxdriver@googlecode.com to C:\Users\Fakhrul\AppData\Local\Temp\anonymous2090419590175510009webdriver-profile\extensions\fxdriver@googlecode.com
1522699856546	addons.xpi	DEBUG	Ignoring file entry whose name is not a valid add-on ID: C:\Users\Fakhrul\AppData\Local\Temp\anonymous2090419590175510009webdriver-profile\extensions\webdriver-staging
1522699856548	addons.xpi	INFO	SystemAddonInstallLocation directory is missing
1522699856557	addons.xpi	INFO	Mapping e10srollout@mozilla.org to C:\Program Files (x86)\Mozilla Firefox\browser\features\e10srollout@mozilla.org.xpi
1522699856565	addons.xpi	INFO	Mapping firefox@getpocket.com to C:\Program Files (x86)\Mozilla Firefox\browser\features\firefox@getpocket.com.xpi
1522699856567	addons.xpi	INFO	Mapping loop@mozilla.org to C:\Program Files (x86)\Mozilla Firefox\browser\features\loop@mozilla.org.xpi
1522699856946	addons.xpi	WARN	Ignoring missing add-on in C:\Program Files (x86)\HPE\Unified Functional Testing\Bin\Mozilla\Common
1522699856952	addons.xpi	INFO	Mapping {972ce4c6-7e08-4474-a285-3208198ce6fd} to C:\Program Files (x86)\Mozilla Firefox\browser\extensions\{972ce4c6-7e08-4474-a285-3208198ce6fd}.xpi
1522699856953	addons.xpi	DEBUG	Skipping unavailable install location app-system-share
1522699856953	addons.xpi	DEBUG	Skipping unavailable install location app-system-local
1522699856956	addons.xpi	DEBUG	checkForChanges
1522699856959	addons.xpi	DEBUG	Loaded add-on state from prefs: {}
1522699857097	addons.xpi	DEBUG	New add-on fxdriver@googlecode.com in app-profile
1522699857098	addons.xpi	DEBUG	getModTime: Recursive scan of fxdriver@googlecode.com
1522699857139	addons.xpi	DEBUG	New add-on e10srollout@mozilla.org in app-system-defaults
1522699857140	addons.xpi	DEBUG	getModTime: Recursive scan of e10srollout@mozilla.org
1522699857202	addons.xpi	DEBUG	New add-on firefox@getpocket.com in app-system-defaults
1522699857203	addons.xpi	DEBUG	getModTime: Recursive scan of firefox@getpocket.com
1522699857206	addons.xpi	DEBUG	New add-on loop@mozilla.org in app-system-defaults
1522699857207	addons.xpi	DEBUG	getModTime: Recursive scan of loop@mozilla.org
1522699857213	addons.xpi	DEBUG	New add-on {972ce4c6-7e08-4474-a285-3208198ce6fd} in app-global
1522699857214	addons.xpi	DEBUG	getModTime: Recursive scan of {972ce4c6-7e08-4474-a285-3208198ce6fd}
1522699857219	addons.xpi	DEBUG	getInstallState changed: true, state: {"app-profile":{"fxdriver@googlecode.com":{"d":"C:\\Users\\Fakhrul\\AppData\\Local\\Temp\\anonymous2090419590175510009webdriver-profile\\extensions\\fxdriver@googlecode.com","st":1522699801401,"mt":1522699801077}},"app-system-defaults":{"e10srollout@mozilla.org":{"d":"C:\\Program Files (x86)\\Mozilla Firefox\\browser\\features\\e10srollout@mozilla.org.xpi","st":1461279552000},"firefox@getpocket.com":{"d":"C:\\Program Files (x86)\\Mozilla Firefox\\browser\\features\\firefox@getpocket.com.xpi","st":1461279552000},"loop@mozilla.org":{"d":"C:\\Program Files (x86)\\Mozilla Firefox\\browser\\features\\loop@mozilla.org.xpi","st":1461279552000}},"app-global":{"{972ce4c6-7e08-4474-a285-3208198ce6fd}":{"d":"C:\\Program Files (x86)\\Mozilla Firefox\\browser\\extensions\\{972ce4c6-7e08-4474-a285-3208198ce6fd}.xpi","st":1461279552000}}}
1522699857297	addons.xpi-utils	DEBUG	Opening XPI database C:\Users\Fakhrul\AppData\Local\Temp\anonymous2090419590175510009webdriver-profile\extensions.json
1522699857307	addons.xpi-utils	DEBUG	New add-on fxdriver@googlecode.com installed in app-profile

	at learning.maven.MavenMarch12018.TestCaseOne.beforeMethod(TestCaseOne.java:49)
</failure>
    <system-out><![CDATA[Before Method
]]></system-out>
    <system-err><![CDATA[org.openqa.selenium.firefox.NotConnectedException: Unable to connect to host 127.0.0.1 on port 7055 after 45000 ms. Firefox console output:
DEBUG	Loaded provider scope for resource://gre/modules/addons/XPIProvider.jsm: ["XPIProvider"]
1522699856497	addons.manager	DEBUG	Loaded provider scope for resource://gre/modules/LightweightThemeManager.jsm: ["LightweightThemeManager"]
1522699856526	addons.manager	DEBUG	Loaded provider scope for resource://gre/modules/addons/GMPProvider.jsm
1522699856532	addons.manager	DEBUG	Loaded provider scope for resource://gre/modules/addons/PluginProvider.jsm
1522699856539	addons.manager	DEBUG	Starting provider: XPIProvider
1522699856541	addons.xpi	DEBUG	startup
1522699856544	addons.xpi	INFO	Mapping fxdriver@googlecode.com to C:\Users\Fakhrul\AppData\Local\Temp\anonymous2090419590175510009webdriver-profile\extensions\fxdriver@googlecode.com
1522699856546	addons.xpi	DEBUG	Ignoring file entry whose name is not a valid add-on ID: C:\Users\Fakhrul\AppData\Local\Temp\anonymous2090419590175510009webdriver-profile\extensions\webdriver-staging
1522699856548	addons.xpi	INFO	SystemAddonInstallLocation directory is missing
1522699856557	addons.xpi	INFO	Mapping e10srollout@mozilla.org to C:\Program Files (x86)\Mozilla Firefox\browser\features\e10srollout@mozilla.org.xpi
1522699856565	addons.xpi	INFO	Mapping firefox@getpocket.com to C:\Program Files (x86)\Mozilla Firefox\browser\features\firefox@getpocket.com.xpi
1522699856567	addons.xpi	INFO	Mapping loop@mozilla.org to C:\Program Files (x86)\Mozilla Firefox\browser\features\loop@mozilla.org.xpi
1522699856946	addons.xpi	WARN	Ignoring missing add-on in C:\Program Files (x86)\HPE\Unified Functional Testing\Bin\Mozilla\Common
1522699856952	addons.xpi	INFO	Mapping {972ce4c6-7e08-4474-a285-3208198ce6fd} to C:\Program Files (x86)\Mozilla Firefox\browser\extensions\{972ce4c6-7e08-4474-a285-3208198ce6fd}.xpi
1522699856953	addons.xpi	DEBUG	Skipping unavailable install location app-system-share
1522699856953	addons.xpi	DEBUG	Skipping unavailable install location app-system-local
1522699856956	addons.xpi	DEBUG	checkForChanges
1522699856959	addons.xpi	DEBUG	Loaded add-on state from prefs: {}
1522699857097	addons.xpi	DEBUG	New add-on fxdriver@googlecode.com in app-profile
1522699857098	addons.xpi	DEBUG	getModTime: Recursive scan of fxdriver@googlecode.com
1522699857139	addons.xpi	DEBUG	New add-on e10srollout@mozilla.org in app-system-defaults
1522699857140	addons.xpi	DEBUG	getModTime: Recursive scan of e10srollout@mozilla.org
1522699857202	addons.xpi	DEBUG	New add-on firefox@getpocket.com in app-system-defaults
1522699857203	addons.xpi	DEBUG	getModTime: Recursive scan of firefox@getpocket.com
1522699857206	addons.xpi	DEBUG	New add-on loop@mozilla.org in app-system-defaults
1522699857207	addons.xpi	DEBUG	getModTime: Recursive scan of loop@mozilla.org
1522699857213	addons.xpi	DEBUG	New add-on {972ce4c6-7e08-4474-a285-3208198ce6fd} in app-global
1522699857214	addons.xpi	DEBUG	getModTime: Recursive scan of {972ce4c6-7e08-4474-a285-3208198ce6fd}
1522699857219	addons.xpi	DEBUG	getInstallState changed: true, state: {"app-profile":{"fxdriver@googlecode.com":{"d":"C:\\Users\\Fakhrul\\AppData\\Local\\Temp\\anonymous2090419590175510009webdriver-profile\\extensions\\fxdriver@googlecode.com","st":1522699801401,"mt":1522699801077}},"app-system-defaults":{"e10srollout@mozilla.org":{"d":"C:\\Program Files (x86)\\Mozilla Firefox\\browser\\features\\e10srollout@mozilla.org.xpi","st":1461279552000},"firefox@getpocket.com":{"d":"C:\\Program Files (x86)\\Mozilla Firefox\\browser\\features\\firefox@getpocket.com.xpi","st":1461279552000},"loop@mozilla.org":{"d":"C:\\Program Files (x86)\\Mozilla Firefox\\browser\\features\\loop@mozilla.org.xpi","st":1461279552000}},"app-global":{"{972ce4c6-7e08-4474-a285-3208198ce6fd}":{"d":"C:\\Program Files (x86)\\Mozilla Firefox\\browser\\extensions\\{972ce4c6-7e08-4474-a285-3208198ce6fd}.xpi","st":1461279552000}}}
1522699857297	addons.xpi-utils	DEBUG	Opening XPI database C:\Users\Fakhrul\AppData\Local\Temp\anonymous2090419590175510009webdriver-profile\extensions.json
1522699857307	addons.xpi-utils	DEBUG	New add-on fxdriver@googlecode.com installed in app-profile

	at org.openqa.selenium.firefox.internal.NewProfileExtensionConnection.start(NewProfileExtensionConnection.java:113)
	at org.openqa.selenium.firefox.FirefoxDriver.startClient(FirefoxDriver.java:271)
	at org.openqa.selenium.remote.RemoteWebDriver.<init>(RemoteWebDriver.java:119)
	at org.openqa.selenium.firefox.FirefoxDriver.<init>(FirefoxDriver.java:216)
	at org.openqa.selenium.firefox.FirefoxDriver.<init>(FirefoxDriver.java:211)
	at org.openqa.selenium.firefox.FirefoxDriver.<init>(FirefoxDriver.java:207)
	at org.openqa.selenium.firefox.FirefoxDriver.<init>(FirefoxDriver.java:120)
	at learning.maven.MavenMarch12018.TestCaseOne.beforeMethod(TestCaseOne.java:49)
	at sun.reflect.NativeMethodAccessorImpl.invoke0(Native Method)
	at sun.reflect.NativeMethodAccessorImpl.invoke(NativeMethodAccessorImpl.java:62)
	at sun.reflect.DelegatingMethodAccessorImpl.invoke(DelegatingMethodAccessorImpl.java:43)
	at java.lang.reflect.Method.invoke(Method.java:498)
	at org.testng.internal.MethodInvocationHelper.invokeMethod(MethodInvocationHelper.java:85)
	at org.testng.internal.Invoker.invokeConfigurationMethod(Invoker.java:510)
	at org.testng.internal.Invoker.invokeConfigurations(Invoker.java:211)
	at org.testng.internal.Invoker.invokeMethod(Invoker.java:585)
	at org.testng.internal.Invoker.invokeTestMethod(Invoker.java:816)
	at org.testng.internal.Invoker.invokeTestMethods(Invoker.java:1124)
	at org.testng.internal.TestMethodWorker.invokeTestMethods(TestMethodWorker.java:125)
	at org.testng.internal.TestMethodWorker.run(TestMethodWorker.java:108)
	at org.testng.TestRunner.privateRun(TestRunner.java:774)
	at org.testng.TestRunner.run(TestRunner.java:624)
	at org.testng.SuiteRunner.runTest(SuiteRunner.java:359)
	at org.testng.SuiteRunner.runSequentially(SuiteRunner.java:354)
	at org.testng.SuiteRunner.privateRun(SuiteRunner.java:312)
	at org.testng.SuiteRunner.run(SuiteRunner.java:261)
	at org.testng.SuiteRunnerWorker.runSuite(SuiteRunnerWorker.java:52)
	at org.testng.SuiteRunnerWorker.run(SuiteRunnerWorker.java:86)
	at org.testng.TestNG.runSuitesSequentially(TestNG.java:1215)
	at org.testng.TestNG.runSuitesLocally(TestNG.java:1140)
	at org.testng.TestNG.run(TestNG.java:1048)
	at org.apache.maven.surefire.testng.TestNGExecutor.run(TestNGExecutor.java:281)
	at org.apache.maven.surefire.testng.TestNGXmlTestSuite.execute(TestNGXmlTestSuite.java:75)
	at org.apache.maven.surefire.testng.TestNGProvider.invoke(TestNGProvider.java:121)
	at org.apache.maven.surefire.booter.ForkedBooter.invokeProviderInSameClassLoader(ForkedBooter.java:290)
	at org.apache.maven.surefire.booter.ForkedBooter.runSuitesInProcess(ForkedBooter.java:242)
	at org.apache.maven.surefire.booter.ForkedBooter.main(ForkedBooter.java:121)
Apr 02, 2018 4:11:24 PM org.openqa.selenium.os.ProcessUtils killWinProcess
WARNING: Process refused to die after 10 seconds, and couldn't taskkill it
org.openqa.selenium.os.ProcessUtils$ProcessStillAliveException: Timeout waiting for process to die
	at org.openqa.selenium.os.ProcessUtils.waitForProcessDeath(ProcessUtils.java:67)
	at org.openqa.selenium.os.ProcessUtils.killWinProcess(ProcessUtils.java:139)
	at org.openqa.selenium.os.ProcessUtils.killProcess(ProcessUtils.java:81)
	at org.openqa.selenium.os.UnixProcess$SeleniumWatchDog.destroyHarder(UnixProcess.java:247)
	at org.openqa.selenium.os.UnixProcess$SeleniumWatchDog.access$200(UnixProcess.java:201)
	at org.openqa.selenium.os.UnixProcess.destroy(UnixProcess.java:125)
	at org.openqa.selenium.os.CommandLine.destroy(CommandLine.java:155)
	at org.openqa.selenium.firefox.FirefoxBinary.quit(FirefoxBinary.java:246)
	at org.openqa.selenium.firefox.internal.NewProfileExtensionConnection.quit(NewProfileExtensionConnection.java:194)
	at org.openqa.selenium.firefox.FirefoxDriver$LazyCommandExecutor.quit(FirefoxDriver.java:364)
	at org.openqa.selenium.firefox.FirefoxDriver.stopClient(FirefoxDriver.java:310)
	at org.openqa.selenium.remote.RemoteWebDriver.<init>(RemoteWebDriver.java:122)
	at org.openqa.selenium.firefox.FirefoxDriver.<init>(FirefoxDriver.java:216)
	at org.openqa.selenium.firefox.FirefoxDriver.<init>(FirefoxDriver.java:211)
	at org.openqa.selenium.firefox.FirefoxDriver.<init>(FirefoxDriver.java:207)
	at org.openqa.selenium.firefox.FirefoxDriver.<init>(FirefoxDriver.java:120)
	at learning.maven.MavenMarch12018.TestCaseOne.beforeMethod(TestCaseOne.java:49)
	at sun.reflect.NativeMethodAccessorImpl.invoke0(Native Method)
	at sun.reflect.NativeMethodAccessorImpl.invoke(NativeMethodAccessorImpl.java:62)
	at sun.reflect.DelegatingMethodAccessorImpl.invoke(DelegatingMethodAccessorImpl.java:43)
	at java.lang.reflect.Method.invoke(Method.java:498)
	at org.testng.internal.MethodInvocationHelper.invokeMethod(MethodInvocationHelper.java:85)
	at org.testng.internal.Invoker.invokeConfigurationMethod(Invoker.java:510)
	at org.testng.internal.Invoker.invokeConfigurations(Invoker.java:211)
	at org.testng.internal.Invoker.invokeMethod(Invoker.java:585)
	at org.testng.internal.Invoker.invokeTestMethod(Invoker.java:816)
	at org.testng.internal.Invoker.invokeTestMethods(Invoker.java:1124)
	at org.testng.internal.TestMethodWorker.invokeTestMethods(TestMethodWorker.java:125)
	at org.testng.internal.TestMethodWorker.run(TestMethodWorker.java:108)
	at org.testng.TestRunner.privateRun(TestRunner.java:774)
	at org.testng.TestRunner.run(TestRunner.java:624)
	at org.testng.SuiteRunner.runTest(SuiteRunner.java:359)
	at org.testng.SuiteRunner.runSequentially(SuiteRunner.java:354)
	at org.testng.SuiteRunner.privateRun(SuiteRunner.java:312)
	at org.testng.SuiteRunner.run(SuiteRunner.java:261)
	at org.testng.SuiteRunnerWorker.runSuite(SuiteRunnerWorker.java:52)
	at org.testng.SuiteRunnerWorker.run(SuiteRunnerWorker.java:86)
	at org.testng.TestNG.runSuitesSequentially(TestNG.java:1215)
	at org.testng.TestNG.runSuitesLocally(TestNG.java:1140)
	at org.testng.TestNG.run(TestNG.java:1048)
	at org.apache.maven.surefire.testng.TestNGExecutor.run(TestNGExecutor.java:281)
	at org.apache.maven.surefire.testng.TestNGXmlTestSuite.execute(TestNGXmlTestSuite.java:75)
	at org.apache.maven.surefire.testng.TestNGProvider.invoke(TestNGProvider.java:121)
	at org.apache.maven.surefire.booter.ForkedBooter.invokeProviderInSameClassLoader(ForkedBooter.java:290)
	at org.apache.maven.surefire.booter.ForkedBooter.runSuitesInProcess(ForkedBooter.java:242)
	at org.apache.maven.surefire.booter.ForkedBooter.main(ForkedBooter.java:121)
Caused by: java.lang.InterruptedException
	at java.lang.ProcessImpl.waitFor(ProcessImpl.java:451)
	at org.openqa.selenium.os.ProcessUtils$ProcessWaiter.run(ProcessUtils.java:164)
	at java.lang.Thread.run(Thread.java:748)

]]></system-err>
  </testcase>
  <testcase name="funtionTwo" classname="learning.maven.MavenMarch12018.TestCaseOne" time="0">
    <skipped/>
  </testcase>
  <testcase name="afterMethod" classname="learning.maven.MavenMarch12018.TestCaseOne" time="0.001">
    <failure type="java.lang.NullPointerException">java.lang.NullPointerException
	at learning.maven.MavenMarch12018.TestCaseOne.afterMethod(TestCaseOne.java:56)
</failure>
    <system-out><![CDATA[After Method
]]></system-out>
  </testcase>
  <testcase name="funtionThree" classname="learning.maven.MavenMarch12018.TestCaseOne" time="0">
    <skipped message="Method TestCaseOne.funtionThree()[pri:1, instance:learning.maven.MavenMarch12018.TestCaseOne@668bc3d5] depends on not successfully finished methods"/>
  </testcase>
</testsuite>