<?xml version="1.0" encoding="UTF-8"?>
<!-- Generated by org.testng.reporters.JUnitXMLReporter -->
<testsuite hostname="LAPTOP-JEI8AS0O" name="Test" tests="3" failures="0" timestamp="1 Jul 2018 19:00:31 GMT" time="141.53" errors="0">
  <testcase name="@BeforeMethod beforeMethod" time="0.0" classname="testNGSession.TestCaseOne">
    <failure type="org.openqa.selenium.WebDriverException" message="Failed to connect to binary FirefoxBinary(C:\Program Files\Mozilla Firefox\firefox.exe) on port 7055; process output follows: 
i
1530471494820	addons.xpi	DEBUG	Calling bootstrap method startup on screenshots@mozilla.org version 32.1.0
1530471494820	addons.xpi	DEBUG	Registering manifest for C:\Program Files\Mozilla Firefox\browser\features\webcompat-reporter@mozilla.org.xpi
1530471494820	addons.xpi	DEBUG	Calling bootstrap method startup on webcompat-reporter@mozilla.org version 1.0.0
1530471494820	addons.xpi	DEBUG	Registering manifest for C:\Program Files\Mozilla Firefox\browser\features\webcompat@mozilla.org.xpi
1530471494823	addons.xpi	DEBUG	Calling bootstrap method startup on webcompat@mozilla.org version 2.0
1530471494826	addons.manager	DEBUG	Registering shutdown blocker for XPIProvider
1530471494826	addons.manager	DEBUG	Provider finished startup: XPIProvider
1530471494826	addons.manager	DEBUG	Starting provider: LightweightThemeManager
1530471494826	addons.manager	DEBUG	Registering shutdown blocker for LightweightThemeManager
1530471494826	addons.manager	DEBUG	Provider finished startup: LightweightThemeManager
1530471494826	addons.manager	DEBUG	Starting provider: GMPProvider
1530471494829	addons.manager	DEBUG	Registering shutdown blocker for GMPProvider
1530471494829	addons.manager	DEBUG	Provider finished startup: GMPProvider
1530471494829	addons.manager	DEBUG	Starting provider: PluginProvider
1530471494829	addons.manager	DEBUG	Registering shutdown blocker for PluginProvider
1530471494829	addons.manager	DEBUG	Provider finished startup: PluginProvider
1530471494831	addons.manager	DEBUG	Completed startup sequence
Unable to read VR Path Registry from C:\Users\fakhr\AppData\Local\openvr\openvrpaths.vrpath
Unable to read VR Path Registry from C:\Users\fakhr\AppData\Local\openvr\openvrpaths.vrpath
1530471495898	addons.repository	DEBUG	No addons.json found.
Unable to read VR Path Registry from C:\Users\fakhr\AppData\Local\openvr\openvrpaths.vrpath
Unable to read VR Path Registry from C:\Users\fakhr\AppData\Local\openvr\openvrpaths.vrpath
Unable to read VR Path Registry from C:\Users\fakhr\AppData\Local\openvr\openvrpaths.vrpath
1530471496924	addons.xpi	DEBUG	Ignoring file entry whose name is not a valid add-on ID: C:\Users\fakhr\AppData\Local\Temp\anonymous216228785643820659webdriver-profile\extensions\webdriver-staging
1530471496925	addons.xpi	DEBUG	Existing add-on activity-stream@mozilla.org in app-system-defaults
1530471496925	addons.xpi	DEBUG	Existing add-on aushelper@mozilla.org in app-system-defaults
1530471496926	addons.xpi	DEBUG	Existing add-on firefox@getpocket.com in app-system-defaults
1530471496926	addons.xpi	DEBUG	Existing add-on followonsearch@mozilla.com in app-system-defaults
1530471496926	addons.xpi	DEBUG	Existing add-on formautofill@mozilla.org in app-system-defaults
1530471496926	addons.xpi	DEBUG	Existing add-on onboarding@mozilla.org in app-system-defaults
1530471496927	addons.xpi	DEBUG	Existing add-on screenshots@mozilla.org in app-system-defaults
1530471496927	addons.xpi	DEBUG	Existing add-on webcompat-reporter@mozilla.org in app-system-defaults
1530471496927	addons.xpi	DEBUG	Existing add-on webcompat@mozilla.org in app-system-defaults
1530471496928	addons.xpi	DEBUG	Existing add-on {4ED1F68A-5463-4931-9384-8FFF5ED91D92} in winreg-app-global
1530471496928	addons.xpi	DEBUG	getInstallState changed: false, state: {}
JavaScript error: resource://gre/modules/addons/XPIProvider.jsm, line 2189: TypeError: addon is null
1530471517378	addons.productaddons	INFO	sending request to: https://aus5.mozilla.org/update/3/GMP/61.0/20180621125625/WINNT_x86_64-msvc-x64/en-US/release/Windows_NT%2010.0.0.0.17134.137%20(x64)/default/default/update.xml
1530471518348	addons.productaddons	INFO	Completed downloading document
1530471520728	addons.productaddons	INFO	downloadXHR File download. status=200
1530471520735	addons.productaddons	INFO	Downloaded file will be saved to C:\Users\fakhr\AppData\Local\Temp\tmpaddon
1530471525048	addons.productaddons	INFO	downloadXHR File download. status=200
1530471525054	addons.productaddons	INFO	Downloaded file will be saved to C:\Users\fakhr\AppData\Local\Temp\tmpaddon-cf94e9

Build info: version: &amp;apos;2.53.0&amp;apos;, revision: &amp;apos;35ae25b&amp;apos;, time: &amp;apos;2016-03-15 16:57:40&amp;apos;
System info: host: &amp;apos;LAPTOP-JEI8AS0O&amp;apos;, ip: &amp;apos;10.155.31.138&amp;apos;, os.name: &amp;apos;Windows 10&amp;apos;, os.arch: &amp;apos;amd64&amp;apos;, os.version: &amp;apos;10.0&amp;apos;, java.version: &amp;apos;1.8.0_171&amp;apos;
Driver info: driver.version: FirefoxDriver">
      <![CDATA[org.openqa.selenium.WebDriverException: Failed to connect to binary FirefoxBinary(C:\Program Files\Mozilla Firefox\firefox.exe) on port 7055; process output follows: 
i
1530471494820	addons.xpi	DEBUG	Calling bootstrap method startup on screenshots@mozilla.org version 32.1.0
1530471494820	addons.xpi	DEBUG	Registering manifest for C:\Program Files\Mozilla Firefox\browser\features\webcompat-reporter@mozilla.org.xpi
1530471494820	addons.xpi	DEBUG	Calling bootstrap method startup on webcompat-reporter@mozilla.org version 1.0.0
1530471494820	addons.xpi	DEBUG	Registering manifest for C:\Program Files\Mozilla Firefox\browser\features\webcompat@mozilla.org.xpi
1530471494823	addons.xpi	DEBUG	Calling bootstrap method startup on webcompat@mozilla.org version 2.0
1530471494826	addons.manager	DEBUG	Registering shutdown blocker for XPIProvider
1530471494826	addons.manager	DEBUG	Provider finished startup: XPIProvider
1530471494826	addons.manager	DEBUG	Starting provider: LightweightThemeManager
1530471494826	addons.manager	DEBUG	Registering shutdown blocker for LightweightThemeManager
1530471494826	addons.manager	DEBUG	Provider finished startup: LightweightThemeManager
1530471494826	addons.manager	DEBUG	Starting provider: GMPProvider
1530471494829	addons.manager	DEBUG	Registering shutdown blocker for GMPProvider
1530471494829	addons.manager	DEBUG	Provider finished startup: GMPProvider
1530471494829	addons.manager	DEBUG	Starting provider: PluginProvider
1530471494829	addons.manager	DEBUG	Registering shutdown blocker for PluginProvider
1530471494829	addons.manager	DEBUG	Provider finished startup: PluginProvider
1530471494831	addons.manager	DEBUG	Completed startup sequence
Unable to read VR Path Registry from C:\Users\fakhr\AppData\Local\openvr\openvrpaths.vrpath
Unable to read VR Path Registry from C:\Users\fakhr\AppData\Local\openvr\openvrpaths.vrpath
1530471495898	addons.repository	DEBUG	No addons.json found.
Unable to read VR Path Registry from C:\Users\fakhr\AppData\Local\openvr\openvrpaths.vrpath
Unable to read VR Path Registry from C:\Users\fakhr\AppData\Local\openvr\openvrpaths.vrpath
Unable to read VR Path Registry from C:\Users\fakhr\AppData\Local\openvr\openvrpaths.vrpath
1530471496924	addons.xpi	DEBUG	Ignoring file entry whose name is not a valid add-on ID: C:\Users\fakhr\AppData\Local\Temp\anonymous216228785643820659webdriver-profile\extensions\webdriver-staging
1530471496925	addons.xpi	DEBUG	Existing add-on activity-stream@mozilla.org in app-system-defaults
1530471496925	addons.xpi	DEBUG	Existing add-on aushelper@mozilla.org in app-system-defaults
1530471496926	addons.xpi	DEBUG	Existing add-on firefox@getpocket.com in app-system-defaults
1530471496926	addons.xpi	DEBUG	Existing add-on followonsearch@mozilla.com in app-system-defaults
1530471496926	addons.xpi	DEBUG	Existing add-on formautofill@mozilla.org in app-system-defaults
1530471496926	addons.xpi	DEBUG	Existing add-on onboarding@mozilla.org in app-system-defaults
1530471496927	addons.xpi	DEBUG	Existing add-on screenshots@mozilla.org in app-system-defaults
1530471496927	addons.xpi	DEBUG	Existing add-on webcompat-reporter@mozilla.org in app-system-defaults
1530471496927	addons.xpi	DEBUG	Existing add-on webcompat@mozilla.org in app-system-defaults
1530471496928	addons.xpi	DEBUG	Existing add-on {4ED1F68A-5463-4931-9384-8FFF5ED91D92} in winreg-app-global
1530471496928	addons.xpi	DEBUG	getInstallState changed: false, state: {}
JavaScript error: resource://gre/modules/addons/XPIProvider.jsm, line 2189: TypeError: addon is null
1530471517378	addons.productaddons	INFO	sending request to: https://aus5.mozilla.org/update/3/GMP/61.0/20180621125625/WINNT_x86_64-msvc-x64/en-US/release/Windows_NT%2010.0.0.0.17134.137%20(x64)/default/default/update.xml
1530471518348	addons.productaddons	INFO	Completed downloading document
1530471520728	addons.productaddons	INFO	downloadXHR File download. status=200
1530471520735	addons.productaddons	INFO	Downloaded file will be saved to C:\Users\fakhr\AppData\Local\Temp\tmpaddon
1530471525048	addons.productaddons	INFO	downloadXHR File download. status=200
1530471525054	addons.productaddons	INFO	Downloaded file will be saved to C:\Users\fakhr\AppData\Local\Temp\tmpaddon-cf94e9

Build info: version: '2.53.0', revision: '35ae25b', time: '2016-03-15 16:57:40'
System info: host: 'LAPTOP-JEI8AS0O', ip: '10.155.31.138', os.name: 'Windows 10', os.arch: 'amd64', os.version: '10.0', java.version: '1.8.0_171'
Driver info: driver.version: FirefoxDriver
	at org.openqa.selenium.firefox.internal.NewProfileExtensionConnection.start(NewProfileExtensionConnection.java:124)
	at org.openqa.selenium.firefox.FirefoxDriver.startClient(FirefoxDriver.java:271)
	at org.openqa.selenium.remote.RemoteWebDriver.<init>(RemoteWebDriver.java:119)
	at org.openqa.selenium.firefox.FirefoxDriver.<init>(FirefoxDriver.java:218)
	at org.openqa.selenium.firefox.FirefoxDriver.<init>(FirefoxDriver.java:211)
	at org.openqa.selenium.firefox.FirefoxDriver.<init>(FirefoxDriver.java:207)
	at org.openqa.selenium.firefox.FirefoxDriver.<init>(FirefoxDriver.java:120)
	at testNGSession.TestCaseOne.beforeMethod(TestCaseOne.java:60)
Caused by: org.openqa.selenium.firefox.NotConnectedException: Unable to connect to host 127.0.0.1 on port 7055 after 45000 ms. Firefox console output:
i
1530471494820	addons.xpi	DEBUG	Calling bootstrap method startup on screenshots@mozilla.org version 32.1.0
1530471494820	addons.xpi	DEBUG	Registering manifest for C:\Program Files\Mozilla Firefox\browser\features\webcompat-reporter@mozilla.org.xpi
1530471494820	addons.xpi	DEBUG	Calling bootstrap method startup on webcompat-reporter@mozilla.org version 1.0.0
1530471494820	addons.xpi	DEBUG	Registering manifest for C:\Program Files\Mozilla Firefox\browser\features\webcompat@mozilla.org.xpi
1530471494823	addons.xpi	DEBUG	Calling bootstrap method startup on webcompat@mozilla.org version 2.0
1530471494826	addons.manager	DEBUG	Registering shutdown blocker for XPIProvider
1530471494826	addons.manager	DEBUG	Provider finished startup: XPIProvider
1530471494826	addons.manager	DEBUG	Starting provider: LightweightThemeManager
1530471494826	addons.manager	DEBUG	Registering shutdown blocker for LightweightThemeManager
1530471494826	addons.manager	DEBUG	Provider finished startup: LightweightThemeManager
1530471494826	addons.manager	DEBUG	Starting provider: GMPProvider
1530471494829	addons.manager	DEBUG	Registering shutdown blocker for GMPProvider
1530471494829	addons.manager	DEBUG	Provider finished startup: GMPProvider
1530471494829	addons.manager	DEBUG	Starting provider: PluginProvider
1530471494829	addons.manager	DEBUG	Registering shutdown blocker for PluginProvider
1530471494829	addons.manager	DEBUG	Provider finished startup: PluginProvider
1530471494831	addons.manager	DEBUG	Completed startup sequence
Unable to read VR Path Registry from C:\Users\fakhr\AppData\Local\openvr\openvrpaths.vrpath
Unable to read VR Path Registry from C:\Users\fakhr\AppData\Local\openvr\openvrpaths.vrpath
1530471495898	addons.repository	DEBUG	No addons.json found.
Unable to read VR Path Registry from C:\Users\fakhr\AppData\Local\openvr\openvrpaths.vrpath
Unable to read VR Path Registry from C:\Users\fakhr\AppData\Local\openvr\openvrpaths.vrpath
Unable to read VR Path Registry from C:\Users\fakhr\AppData\Local\openvr\openvrpaths.vrpath
1530471496924	addons.xpi	DEBUG	Ignoring file entry whose name is not a valid add-on ID: C:\Users\fakhr\AppData\Local\Temp\anonymous216228785643820659webdriver-profile\extensions\webdriver-staging
1530471496925	addons.xpi	DEBUG	Existing add-on activity-stream@mozilla.org in app-system-defaults
1530471496925	addons.xpi	DEBUG	Existing add-on aushelper@mozilla.org in app-system-defaults
1530471496926	addons.xpi	DEBUG	Existing add-on firefox@getpocket.com in app-system-defaults
1530471496926	addons.xpi	DEBUG	Existing add-on followonsearch@mozilla.com in app-system-defaults
1530471496926	addons.xpi	DEBUG	Existing add-on formautofill@mozilla.org in app-system-defaults
1530471496926	addons.xpi	DEBUG	Existing add-on onboarding@mozilla.org in app-system-defaults
1530471496927	addons.xpi	DEBUG	Existing add-on screenshots@mozilla.org in app-system-defaults
1530471496927	addons.xpi	DEBUG	Existing add-on webcompat-reporter@mozilla.org in app-system-defaults
1530471496927	addons.xpi	DEBUG	Existing add-on webcompat@mozilla.org in app-system-defaults
1530471496928	addons.xpi	DEBUG	Existing add-on {4ED1F68A-5463-4931-9384-8FFF5ED91D92} in winreg-app-global
1530471496928	addons.xpi	DEBUG	getInstallState changed: false, state: {}
JavaScript error: resource://gre/modules/addons/XPIProvider.jsm, line 2189: TypeError: addon is null
1530471517378	addons.productaddons	INFO	sending request to: https://aus5.mozilla.org/update/3/GMP/61.0/20180621125625/WINNT_x86_64-msvc-x64/en-US/release/Windows_NT%2010.0.0.0.17134.137%20(x64)/default/default/update.xml
1530471518348	addons.productaddons	INFO	Completed downloading document
1530471520728	addons.productaddons	INFO	downloadXHR File download. status=200
1530471520735	addons.productaddons	INFO	Downloaded file will be saved to C:\Users\fakhr\AppData\Local\Temp\tmpaddon
1530471525048	addons.productaddons	INFO	downloadXHR File download. status=200
1530471525054	addons.productaddons	INFO	Downloaded file will be saved to C:\Users\fakhr\AppData\Local\Temp\tmpaddon-cf94e9

	at org.openqa.selenium.firefox.internal.NewProfileExtensionConnection.start(NewProfileExtensionConnection.java:112)
	... 33 more
... Removed 26 stack frames]]>
    </failure>
  </testcase> <!-- @BeforeMethod beforeMethod -->
  <testcase name="@AfterMethod afterMethod" time="0.0" classname="testNGSession.TestCaseOne">
    <failure type="java.lang.NullPointerException">
      <![CDATA[java.lang.NullPointerException
	at testNGSession.TestCaseOne.afterMethod(TestCaseOne.java:67)
... Removed 26 stack frames]]>
    </failure>
  </testcase> <!-- @AfterMethod afterMethod -->
  <testcase name="@BeforeMethod beforeMethod" time="0.0" classname="testNGSession.TestCaseOne">
    <failure type="org.openqa.selenium.WebDriverException" message="Failed to connect to binary FirefoxBinary(C:\Program Files\Mozilla Firefox\firefox.exe) on port 7055; process output follows: 
71541082	addons.xpi	DEBUG	Calling bootstrap method startup on screenshots@mozilla.org version 32.1.0
1530471541082	addons.xpi	DEBUG	Registering manifest for C:\Program Files\Mozilla Firefox\browser\features\webcompat-reporter@mozilla.org.xpi
1530471541082	addons.xpi	DEBUG	Calling bootstrap method startup on webcompat-reporter@mozilla.org version 1.0.0
1530471541083	addons.xpi	DEBUG	Registering manifest for C:\Program Files\Mozilla Firefox\browser\features\webcompat@mozilla.org.xpi
1530471541084	addons.xpi	DEBUG	Calling bootstrap method startup on webcompat@mozilla.org version 2.0
1530471541085	addons.manager	DEBUG	Registering shutdown blocker for XPIProvider
1530471541086	addons.manager	DEBUG	Provider finished startup: XPIProvider
1530471541086	addons.manager	DEBUG	Starting provider: LightweightThemeManager
1530471541086	addons.manager	DEBUG	Registering shutdown blocker for LightweightThemeManager
1530471541086	addons.manager	DEBUG	Provider finished startup: LightweightThemeManager
1530471541086	addons.manager	DEBUG	Starting provider: GMPProvider
1530471541088	addons.manager	DEBUG	Registering shutdown blocker for GMPProvider
1530471541088	addons.manager	DEBUG	Provider finished startup: GMPProvider
1530471541088	addons.manager	DEBUG	Starting provider: PluginProvider
1530471541088	addons.manager	DEBUG	Registering shutdown blocker for PluginProvider
1530471541089	addons.manager	DEBUG	Provider finished startup: PluginProvider
1530471541090	addons.manager	DEBUG	Completed startup sequence
Unable to read VR Path Registry from C:\Users\fakhr\AppData\Local\openvr\openvrpaths.vrpath
Unable to read VR Path Registry from C:\Users\fakhr\AppData\Local\openvr\openvrpaths.vrpath
1530471541456	addons.repository	DEBUG	No addons.json found.
Unable to read VR Path Registry from C:\Users\fakhr\AppData\Local\openvr\openvrpaths.vrpath
Unable to read VR Path Registry from C:\Users\fakhr\AppData\Local\openvr\openvrpaths.vrpath
Unable to read VR Path Registry from C:\Users\fakhr\AppData\Local\openvr\openvrpaths.vrpath
1530471541992	addons.xpi	DEBUG	Ignoring file entry whose name is not a valid add-on ID: C:\Users\fakhr\AppData\Local\Temp\anonymous4161595067903433036webdriver-profile\extensions\webdriver-staging
1530471541992	addons.xpi	DEBUG	Existing add-on activity-stream@mozilla.org in app-system-defaults
1530471541993	addons.xpi	DEBUG	Existing add-on aushelper@mozilla.org in app-system-defaults
1530471541993	addons.xpi	DEBUG	Existing add-on firefox@getpocket.com in app-system-defaults
1530471541993	addons.xpi	DEBUG	Existing add-on followonsearch@mozilla.com in app-system-defaults
1530471541993	addons.xpi	DEBUG	Existing add-on formautofill@mozilla.org in app-system-defaults
1530471541994	addons.xpi	DEBUG	Existing add-on onboarding@mozilla.org in app-system-defaults
1530471541994	addons.xpi	DEBUG	Existing add-on screenshots@mozilla.org in app-system-defaults
1530471541994	addons.xpi	DEBUG	Existing add-on webcompat-reporter@mozilla.org in app-system-defaults
1530471541994	addons.xpi	DEBUG	Existing add-on webcompat@mozilla.org in app-system-defaults
1530471541995	addons.xpi	DEBUG	Existing add-on {4ED1F68A-5463-4931-9384-8FFF5ED91D92} in winreg-app-global
1530471541995	addons.xpi	DEBUG	getInstallState changed: false, state: {}
JavaScript error: resource://gre/modules/addons/XPIProvider.jsm, line 2189: TypeError: addon is null
1530471562095	addons.productaddons	INFO	sending request to: https://aus5.mozilla.org/update/3/GMP/61.0/20180621125625/WINNT_x86_64-msvc-x64/en-US/release/Windows_NT%2010.0.0.0.17134.137%20(x64)/default/default/update.xml
1530471562788	addons.productaddons	INFO	Completed downloading document
1530471566710	addons.productaddons	INFO	downloadXHR File download. status=200
1530471566719	addons.productaddons	INFO	Downloaded file will be saved to C:\Users\fakhr\AppData\Local\Temp\tmpaddon-3adfa9
1530471569227	addons.productaddons	INFO	downloadXHR File download. status=200
1530471569230	addons.productaddons	INFO	Downloaded file will be saved to C:\Users\fakhr\AppData\Local\Temp\tmpaddon-16ce0c

Build info: version: &amp;apos;2.53.0&amp;apos;, revision: &amp;apos;35ae25b&amp;apos;, time: &amp;apos;2016-03-15 16:57:40&amp;apos;
System info: host: &amp;apos;LAPTOP-JEI8AS0O&amp;apos;, ip: &amp;apos;10.155.31.138&amp;apos;, os.name: &amp;apos;Windows 10&amp;apos;, os.arch: &amp;apos;amd64&amp;apos;, os.version: &amp;apos;10.0&amp;apos;, java.version: &amp;apos;1.8.0_171&amp;apos;
Driver info: driver.version: FirefoxDriver">
      <![CDATA[org.openqa.selenium.WebDriverException: Failed to connect to binary FirefoxBinary(C:\Program Files\Mozilla Firefox\firefox.exe) on port 7055; process output follows: 
71541082	addons.xpi	DEBUG	Calling bootstrap method startup on screenshots@mozilla.org version 32.1.0
1530471541082	addons.xpi	DEBUG	Registering manifest for C:\Program Files\Mozilla Firefox\browser\features\webcompat-reporter@mozilla.org.xpi
1530471541082	addons.xpi	DEBUG	Calling bootstrap method startup on webcompat-reporter@mozilla.org version 1.0.0
1530471541083	addons.xpi	DEBUG	Registering manifest for C:\Program Files\Mozilla Firefox\browser\features\webcompat@mozilla.org.xpi
1530471541084	addons.xpi	DEBUG	Calling bootstrap method startup on webcompat@mozilla.org version 2.0
1530471541085	addons.manager	DEBUG	Registering shutdown blocker for XPIProvider
1530471541086	addons.manager	DEBUG	Provider finished startup: XPIProvider
1530471541086	addons.manager	DEBUG	Starting provider: LightweightThemeManager
1530471541086	addons.manager	DEBUG	Registering shutdown blocker for LightweightThemeManager
1530471541086	addons.manager	DEBUG	Provider finished startup: LightweightThemeManager
1530471541086	addons.manager	DEBUG	Starting provider: GMPProvider
1530471541088	addons.manager	DEBUG	Registering shutdown blocker for GMPProvider
1530471541088	addons.manager	DEBUG	Provider finished startup: GMPProvider
1530471541088	addons.manager	DEBUG	Starting provider: PluginProvider
1530471541088	addons.manager	DEBUG	Registering shutdown blocker for PluginProvider
1530471541089	addons.manager	DEBUG	Provider finished startup: PluginProvider
1530471541090	addons.manager	DEBUG	Completed startup sequence
Unable to read VR Path Registry from C:\Users\fakhr\AppData\Local\openvr\openvrpaths.vrpath
Unable to read VR Path Registry from C:\Users\fakhr\AppData\Local\openvr\openvrpaths.vrpath
1530471541456	addons.repository	DEBUG	No addons.json found.
Unable to read VR Path Registry from C:\Users\fakhr\AppData\Local\openvr\openvrpaths.vrpath
Unable to read VR Path Registry from C:\Users\fakhr\AppData\Local\openvr\openvrpaths.vrpath
Unable to read VR Path Registry from C:\Users\fakhr\AppData\Local\openvr\openvrpaths.vrpath
1530471541992	addons.xpi	DEBUG	Ignoring file entry whose name is not a valid add-on ID: C:\Users\fakhr\AppData\Local\Temp\anonymous4161595067903433036webdriver-profile\extensions\webdriver-staging
1530471541992	addons.xpi	DEBUG	Existing add-on activity-stream@mozilla.org in app-system-defaults
1530471541993	addons.xpi	DEBUG	Existing add-on aushelper@mozilla.org in app-system-defaults
1530471541993	addons.xpi	DEBUG	Existing add-on firefox@getpocket.com in app-system-defaults
1530471541993	addons.xpi	DEBUG	Existing add-on followonsearch@mozilla.com in app-system-defaults
1530471541993	addons.xpi	DEBUG	Existing add-on formautofill@mozilla.org in app-system-defaults
1530471541994	addons.xpi	DEBUG	Existing add-on onboarding@mozilla.org in app-system-defaults
1530471541994	addons.xpi	DEBUG	Existing add-on screenshots@mozilla.org in app-system-defaults
1530471541994	addons.xpi	DEBUG	Existing add-on webcompat-reporter@mozilla.org in app-system-defaults
1530471541994	addons.xpi	DEBUG	Existing add-on webcompat@mozilla.org in app-system-defaults
1530471541995	addons.xpi	DEBUG	Existing add-on {4ED1F68A-5463-4931-9384-8FFF5ED91D92} in winreg-app-global
1530471541995	addons.xpi	DEBUG	getInstallState changed: false, state: {}
JavaScript error: resource://gre/modules/addons/XPIProvider.jsm, line 2189: TypeError: addon is null
1530471562095	addons.productaddons	INFO	sending request to: https://aus5.mozilla.org/update/3/GMP/61.0/20180621125625/WINNT_x86_64-msvc-x64/en-US/release/Windows_NT%2010.0.0.0.17134.137%20(x64)/default/default/update.xml
1530471562788	addons.productaddons	INFO	Completed downloading document
1530471566710	addons.productaddons	INFO	downloadXHR File download. status=200
1530471566719	addons.productaddons	INFO	Downloaded file will be saved to C:\Users\fakhr\AppData\Local\Temp\tmpaddon-3adfa9
1530471569227	addons.productaddons	INFO	downloadXHR File download. status=200
1530471569230	addons.productaddons	INFO	Downloaded file will be saved to C:\Users\fakhr\AppData\Local\Temp\tmpaddon-16ce0c

Build info: version: '2.53.0', revision: '35ae25b', time: '2016-03-15 16:57:40'
System info: host: 'LAPTOP-JEI8AS0O', ip: '10.155.31.138', os.name: 'Windows 10', os.arch: 'amd64', os.version: '10.0', java.version: '1.8.0_171'
Driver info: driver.version: FirefoxDriver
	at org.openqa.selenium.firefox.internal.NewProfileExtensionConnection.start(NewProfileExtensionConnection.java:124)
	at org.openqa.selenium.firefox.FirefoxDriver.startClient(FirefoxDriver.java:271)
	at org.openqa.selenium.remote.RemoteWebDriver.<init>(RemoteWebDriver.java:119)
	at org.openqa.selenium.firefox.FirefoxDriver.<init>(FirefoxDriver.java:218)
	at org.openqa.selenium.firefox.FirefoxDriver.<init>(FirefoxDriver.java:211)
	at org.openqa.selenium.firefox.FirefoxDriver.<init>(FirefoxDriver.java:207)
	at org.openqa.selenium.firefox.FirefoxDriver.<init>(FirefoxDriver.java:120)
	at testNGSession.TestCaseOne.beforeMethod(TestCaseOne.java:60)
Caused by: org.openqa.selenium.firefox.NotConnectedException: Unable to connect to host 127.0.0.1 on port 7055 after 45000 ms. Firefox console output:
71541082	addons.xpi	DEBUG	Calling bootstrap method startup on screenshots@mozilla.org version 32.1.0
1530471541082	addons.xpi	DEBUG	Registering manifest for C:\Program Files\Mozilla Firefox\browser\features\webcompat-reporter@mozilla.org.xpi
1530471541082	addons.xpi	DEBUG	Calling bootstrap method startup on webcompat-reporter@mozilla.org version 1.0.0
1530471541083	addons.xpi	DEBUG	Registering manifest for C:\Program Files\Mozilla Firefox\browser\features\webcompat@mozilla.org.xpi
1530471541084	addons.xpi	DEBUG	Calling bootstrap method startup on webcompat@mozilla.org version 2.0
1530471541085	addons.manager	DEBUG	Registering shutdown blocker for XPIProvider
1530471541086	addons.manager	DEBUG	Provider finished startup: XPIProvider
1530471541086	addons.manager	DEBUG	Starting provider: LightweightThemeManager
1530471541086	addons.manager	DEBUG	Registering shutdown blocker for LightweightThemeManager
1530471541086	addons.manager	DEBUG	Provider finished startup: LightweightThemeManager
1530471541086	addons.manager	DEBUG	Starting provider: GMPProvider
1530471541088	addons.manager	DEBUG	Registering shutdown blocker for GMPProvider
1530471541088	addons.manager	DEBUG	Provider finished startup: GMPProvider
1530471541088	addons.manager	DEBUG	Starting provider: PluginProvider
1530471541088	addons.manager	DEBUG	Registering shutdown blocker for PluginProvider
1530471541089	addons.manager	DEBUG	Provider finished startup: PluginProvider
1530471541090	addons.manager	DEBUG	Completed startup sequence
Unable to read VR Path Registry from C:\Users\fakhr\AppData\Local\openvr\openvrpaths.vrpath
Unable to read VR Path Registry from C:\Users\fakhr\AppData\Local\openvr\openvrpaths.vrpath
1530471541456	addons.repository	DEBUG	No addons.json found.
Unable to read VR Path Registry from C:\Users\fakhr\AppData\Local\openvr\openvrpaths.vrpath
Unable to read VR Path Registry from C:\Users\fakhr\AppData\Local\openvr\openvrpaths.vrpath
Unable to read VR Path Registry from C:\Users\fakhr\AppData\Local\openvr\openvrpaths.vrpath
1530471541992	addons.xpi	DEBUG	Ignoring file entry whose name is not a valid add-on ID: C:\Users\fakhr\AppData\Local\Temp\anonymous4161595067903433036webdriver-profile\extensions\webdriver-staging
1530471541992	addons.xpi	DEBUG	Existing add-on activity-stream@mozilla.org in app-system-defaults
1530471541993	addons.xpi	DEBUG	Existing add-on aushelper@mozilla.org in app-system-defaults
1530471541993	addons.xpi	DEBUG	Existing add-on firefox@getpocket.com in app-system-defaults
1530471541993	addons.xpi	DEBUG	Existing add-on followonsearch@mozilla.com in app-system-defaults
1530471541993	addons.xpi	DEBUG	Existing add-on formautofill@mozilla.org in app-system-defaults
1530471541994	addons.xpi	DEBUG	Existing add-on onboarding@mozilla.org in app-system-defaults
1530471541994	addons.xpi	DEBUG	Existing add-on screenshots@mozilla.org in app-system-defaults
1530471541994	addons.xpi	DEBUG	Existing add-on webcompat-reporter@mozilla.org in app-system-defaults
1530471541994	addons.xpi	DEBUG	Existing add-on webcompat@mozilla.org in app-system-defaults
1530471541995	addons.xpi	DEBUG	Existing add-on {4ED1F68A-5463-4931-9384-8FFF5ED91D92} in winreg-app-global
1530471541995	addons.xpi	DEBUG	getInstallState changed: false, state: {}
JavaScript error: resource://gre/modules/addons/XPIProvider.jsm, line 2189: TypeError: addon is null
1530471562095	addons.productaddons	INFO	sending request to: https://aus5.mozilla.org/update/3/GMP/61.0/20180621125625/WINNT_x86_64-msvc-x64/en-US/release/Windows_NT%2010.0.0.0.17134.137%20(x64)/default/default/update.xml
1530471562788	addons.productaddons	INFO	Completed downloading document
1530471566710	addons.productaddons	INFO	downloadXHR File download. status=200
1530471566719	addons.productaddons	INFO	Downloaded file will be saved to C:\Users\fakhr\AppData\Local\Temp\tmpaddon-3adfa9
1530471569227	addons.productaddons	INFO	downloadXHR File download. status=200
1530471569230	addons.productaddons	INFO	Downloaded file will be saved to C:\Users\fakhr\AppData\Local\Temp\tmpaddon-16ce0c

	at org.openqa.selenium.firefox.internal.NewProfileExtensionConnection.start(NewProfileExtensionConnection.java:112)
	... 33 more
... Removed 26 stack frames]]>
    </failure>
  </testcase> <!-- @BeforeMethod beforeMethod -->
  <testcase name="@AfterMethod afterMethod" time="0.0" classname="testNGSession.TestCaseOne">
    <failure type="java.lang.NullPointerException">
      <![CDATA[java.lang.NullPointerException
	at testNGSession.TestCaseOne.afterMethod(TestCaseOne.java:67)
... Removed 26 stack frames]]>
    </failure>
  </testcase> <!-- @AfterMethod afterMethod -->
  <testcase name="@BeforeClass beforeClass" time="0.0" classname="testNGSession.TestCaseTwo">
    <failure type="org.openqa.selenium.WebDriverException" message="Failed to connect to binary FirefoxBinary(C:\Program Files\Mozilla Firefox\firefox.exe) on port 7055; process output follows: 
71586629	addons.xpi	DEBUG	Calling bootstrap method startup on screenshots@mozilla.org version 32.1.0
1530471586629	addons.xpi	DEBUG	Registering manifest for C:\Program Files\Mozilla Firefox\browser\features\webcompat-reporter@mozilla.org.xpi
1530471586630	addons.xpi	DEBUG	Calling bootstrap method startup on webcompat-reporter@mozilla.org version 1.0.0
1530471586630	addons.xpi	DEBUG	Registering manifest for C:\Program Files\Mozilla Firefox\browser\features\webcompat@mozilla.org.xpi
1530471586631	addons.xpi	DEBUG	Calling bootstrap method startup on webcompat@mozilla.org version 2.0
1530471586632	addons.manager	DEBUG	Registering shutdown blocker for XPIProvider
1530471586633	addons.manager	DEBUG	Provider finished startup: XPIProvider
1530471586633	addons.manager	DEBUG	Starting provider: LightweightThemeManager
1530471586633	addons.manager	DEBUG	Registering shutdown blocker for LightweightThemeManager
1530471586633	addons.manager	DEBUG	Provider finished startup: LightweightThemeManager
1530471586633	addons.manager	DEBUG	Starting provider: GMPProvider
1530471586635	addons.manager	DEBUG	Registering shutdown blocker for GMPProvider
1530471586635	addons.manager	DEBUG	Provider finished startup: GMPProvider
1530471586635	addons.manager	DEBUG	Starting provider: PluginProvider
1530471586635	addons.manager	DEBUG	Registering shutdown blocker for PluginProvider
1530471586636	addons.manager	DEBUG	Provider finished startup: PluginProvider
1530471586637	addons.manager	DEBUG	Completed startup sequence
Unable to read VR Path Registry from C:\Users\fakhr\AppData\Local\openvr\openvrpaths.vrpath
Unable to read VR Path Registry from C:\Users\fakhr\AppData\Local\openvr\openvrpaths.vrpath
1530471587058	addons.repository	DEBUG	No addons.json found.
Unable to read VR Path Registry from C:\Users\fakhr\AppData\Local\openvr\openvrpaths.vrpath
Unable to read VR Path Registry from C:\Users\fakhr\AppData\Local\openvr\openvrpaths.vrpath
Unable to read VR Path Registry from C:\Users\fakhr\AppData\Local\openvr\openvrpaths.vrpath
1530471587600	addons.xpi	DEBUG	Ignoring file entry whose name is not a valid add-on ID: C:\Users\fakhr\AppData\Local\Temp\anonymous2877683724009976402webdriver-profile\extensions\webdriver-staging
1530471587601	addons.xpi	DEBUG	Existing add-on activity-stream@mozilla.org in app-system-defaults
1530471587602	addons.xpi	DEBUG	Existing add-on aushelper@mozilla.org in app-system-defaults
1530471587602	addons.xpi	DEBUG	Existing add-on firefox@getpocket.com in app-system-defaults
1530471587602	addons.xpi	DEBUG	Existing add-on followonsearch@mozilla.com in app-system-defaults
1530471587603	addons.xpi	DEBUG	Existing add-on formautofill@mozilla.org in app-system-defaults
1530471587603	addons.xpi	DEBUG	Existing add-on onboarding@mozilla.org in app-system-defaults
1530471587603	addons.xpi	DEBUG	Existing add-on screenshots@mozilla.org in app-system-defaults
1530471587603	addons.xpi	DEBUG	Existing add-on webcompat-reporter@mozilla.org in app-system-defaults
1530471587604	addons.xpi	DEBUG	Existing add-on webcompat@mozilla.org in app-system-defaults
1530471587604	addons.xpi	DEBUG	Existing add-on {4ED1F68A-5463-4931-9384-8FFF5ED91D92} in winreg-app-global
1530471587604	addons.xpi	DEBUG	getInstallState changed: false, state: {}
JavaScript error: resource://gre/modules/addons/XPIProvider.jsm, line 2189: TypeError: addon is null
1530471608436	addons.productaddons	INFO	sending request to: https://aus5.mozilla.org/update/3/GMP/61.0/20180621125625/WINNT_x86_64-msvc-x64/en-US/release/Windows_NT%2010.0.0.0.17134.137%20(x64)/default/default/update.xml
1530471609317	addons.productaddons	INFO	Completed downloading document
1530471612403	addons.productaddons	INFO	downloadXHR File download. status=200
1530471612411	addons.productaddons	INFO	Downloaded file will be saved to C:\Users\fakhr\AppData\Local\Temp\tmpaddon-beb203
1530471616678	addons.productaddons	INFO	downloadXHR File download. status=200
1530471616683	addons.productaddons	INFO	Downloaded file will be saved to C:\Users\fakhr\AppData\Local\Temp\tmpaddon-4f57e1

Build info: version: &amp;apos;2.53.0&amp;apos;, revision: &amp;apos;35ae25b&amp;apos;, time: &amp;apos;2016-03-15 16:57:40&amp;apos;
System info: host: &amp;apos;LAPTOP-JEI8AS0O&amp;apos;, ip: &amp;apos;10.155.31.138&amp;apos;, os.name: &amp;apos;Windows 10&amp;apos;, os.arch: &amp;apos;amd64&amp;apos;, os.version: &amp;apos;10.0&amp;apos;, java.version: &amp;apos;1.8.0_171&amp;apos;
Driver info: driver.version: FirefoxDriver">
      <![CDATA[org.openqa.selenium.WebDriverException: Failed to connect to binary FirefoxBinary(C:\Program Files\Mozilla Firefox\firefox.exe) on port 7055; process output follows: 
71586629	addons.xpi	DEBUG	Calling bootstrap method startup on screenshots@mozilla.org version 32.1.0
1530471586629	addons.xpi	DEBUG	Registering manifest for C:\Program Files\Mozilla Firefox\browser\features\webcompat-reporter@mozilla.org.xpi
1530471586630	addons.xpi	DEBUG	Calling bootstrap method startup on webcompat-reporter@mozilla.org version 1.0.0
1530471586630	addons.xpi	DEBUG	Registering manifest for C:\Program Files\Mozilla Firefox\browser\features\webcompat@mozilla.org.xpi
1530471586631	addons.xpi	DEBUG	Calling bootstrap method startup on webcompat@mozilla.org version 2.0
1530471586632	addons.manager	DEBUG	Registering shutdown blocker for XPIProvider
1530471586633	addons.manager	DEBUG	Provider finished startup: XPIProvider
1530471586633	addons.manager	DEBUG	Starting provider: LightweightThemeManager
1530471586633	addons.manager	DEBUG	Registering shutdown blocker for LightweightThemeManager
1530471586633	addons.manager	DEBUG	Provider finished startup: LightweightThemeManager
1530471586633	addons.manager	DEBUG	Starting provider: GMPProvider
1530471586635	addons.manager	DEBUG	Registering shutdown blocker for GMPProvider
1530471586635	addons.manager	DEBUG	Provider finished startup: GMPProvider
1530471586635	addons.manager	DEBUG	Starting provider: PluginProvider
1530471586635	addons.manager	DEBUG	Registering shutdown blocker for PluginProvider
1530471586636	addons.manager	DEBUG	Provider finished startup: PluginProvider
1530471586637	addons.manager	DEBUG	Completed startup sequence
Unable to read VR Path Registry from C:\Users\fakhr\AppData\Local\openvr\openvrpaths.vrpath
Unable to read VR Path Registry from C:\Users\fakhr\AppData\Local\openvr\openvrpaths.vrpath
1530471587058	addons.repository	DEBUG	No addons.json found.
Unable to read VR Path Registry from C:\Users\fakhr\AppData\Local\openvr\openvrpaths.vrpath
Unable to read VR Path Registry from C:\Users\fakhr\AppData\Local\openvr\openvrpaths.vrpath
Unable to read VR Path Registry from C:\Users\fakhr\AppData\Local\openvr\openvrpaths.vrpath
1530471587600	addons.xpi	DEBUG	Ignoring file entry whose name is not a valid add-on ID: C:\Users\fakhr\AppData\Local\Temp\anonymous2877683724009976402webdriver-profile\extensions\webdriver-staging
1530471587601	addons.xpi	DEBUG	Existing add-on activity-stream@mozilla.org in app-system-defaults
1530471587602	addons.xpi	DEBUG	Existing add-on aushelper@mozilla.org in app-system-defaults
1530471587602	addons.xpi	DEBUG	Existing add-on firefox@getpocket.com in app-system-defaults
1530471587602	addons.xpi	DEBUG	Existing add-on followonsearch@mozilla.com in app-system-defaults
1530471587603	addons.xpi	DEBUG	Existing add-on formautofill@mozilla.org in app-system-defaults
1530471587603	addons.xpi	DEBUG	Existing add-on onboarding@mozilla.org in app-system-defaults
1530471587603	addons.xpi	DEBUG	Existing add-on screenshots@mozilla.org in app-system-defaults
1530471587603	addons.xpi	DEBUG	Existing add-on webcompat-reporter@mozilla.org in app-system-defaults
1530471587604	addons.xpi	DEBUG	Existing add-on webcompat@mozilla.org in app-system-defaults
1530471587604	addons.xpi	DEBUG	Existing add-on {4ED1F68A-5463-4931-9384-8FFF5ED91D92} in winreg-app-global
1530471587604	addons.xpi	DEBUG	getInstallState changed: false, state: {}
JavaScript error: resource://gre/modules/addons/XPIProvider.jsm, line 2189: TypeError: addon is null
1530471608436	addons.productaddons	INFO	sending request to: https://aus5.mozilla.org/update/3/GMP/61.0/20180621125625/WINNT_x86_64-msvc-x64/en-US/release/Windows_NT%2010.0.0.0.17134.137%20(x64)/default/default/update.xml
1530471609317	addons.productaddons	INFO	Completed downloading document
1530471612403	addons.productaddons	INFO	downloadXHR File download. status=200
1530471612411	addons.productaddons	INFO	Downloaded file will be saved to C:\Users\fakhr\AppData\Local\Temp\tmpaddon-beb203
1530471616678	addons.productaddons	INFO	downloadXHR File download. status=200
1530471616683	addons.productaddons	INFO	Downloaded file will be saved to C:\Users\fakhr\AppData\Local\Temp\tmpaddon-4f57e1

Build info: version: '2.53.0', revision: '35ae25b', time: '2016-03-15 16:57:40'
System info: host: 'LAPTOP-JEI8AS0O', ip: '10.155.31.138', os.name: 'Windows 10', os.arch: 'amd64', os.version: '10.0', java.version: '1.8.0_171'
Driver info: driver.version: FirefoxDriver
	at org.openqa.selenium.firefox.internal.NewProfileExtensionConnection.start(NewProfileExtensionConnection.java:124)
	at org.openqa.selenium.firefox.FirefoxDriver.startClient(FirefoxDriver.java:271)
	at org.openqa.selenium.remote.RemoteWebDriver.<init>(RemoteWebDriver.java:119)
	at org.openqa.selenium.firefox.FirefoxDriver.<init>(FirefoxDriver.java:218)
	at org.openqa.selenium.firefox.FirefoxDriver.<init>(FirefoxDriver.java:211)
	at org.openqa.selenium.firefox.FirefoxDriver.<init>(FirefoxDriver.java:207)
	at org.openqa.selenium.firefox.FirefoxDriver.<init>(FirefoxDriver.java:120)
	at testNGSession.TestCaseTwo.beforeClass(TestCaseTwo.java:62)
Caused by: org.openqa.selenium.firefox.NotConnectedException: Unable to connect to host 127.0.0.1 on port 7055 after 45000 ms. Firefox console output:
71586629	addons.xpi	DEBUG	Calling bootstrap method startup on screenshots@mozilla.org version 32.1.0
1530471586629	addons.xpi	DEBUG	Registering manifest for C:\Program Files\Mozilla Firefox\browser\features\webcompat-reporter@mozilla.org.xpi
1530471586630	addons.xpi	DEBUG	Calling bootstrap method startup on webcompat-reporter@mozilla.org version 1.0.0
1530471586630	addons.xpi	DEBUG	Registering manifest for C:\Program Files\Mozilla Firefox\browser\features\webcompat@mozilla.org.xpi
1530471586631	addons.xpi	DEBUG	Calling bootstrap method startup on webcompat@mozilla.org version 2.0
1530471586632	addons.manager	DEBUG	Registering shutdown blocker for XPIProvider
1530471586633	addons.manager	DEBUG	Provider finished startup: XPIProvider
1530471586633	addons.manager	DEBUG	Starting provider: LightweightThemeManager
1530471586633	addons.manager	DEBUG	Registering shutdown blocker for LightweightThemeManager
1530471586633	addons.manager	DEBUG	Provider finished startup: LightweightThemeManager
1530471586633	addons.manager	DEBUG	Starting provider: GMPProvider
1530471586635	addons.manager	DEBUG	Registering shutdown blocker for GMPProvider
1530471586635	addons.manager	DEBUG	Provider finished startup: GMPProvider
1530471586635	addons.manager	DEBUG	Starting provider: PluginProvider
1530471586635	addons.manager	DEBUG	Registering shutdown blocker for PluginProvider
1530471586636	addons.manager	DEBUG	Provider finished startup: PluginProvider
1530471586637	addons.manager	DEBUG	Completed startup sequence
Unable to read VR Path Registry from C:\Users\fakhr\AppData\Local\openvr\openvrpaths.vrpath
Unable to read VR Path Registry from C:\Users\fakhr\AppData\Local\openvr\openvrpaths.vrpath
1530471587058	addons.repository	DEBUG	No addons.json found.
Unable to read VR Path Registry from C:\Users\fakhr\AppData\Local\openvr\openvrpaths.vrpath
Unable to read VR Path Registry from C:\Users\fakhr\AppData\Local\openvr\openvrpaths.vrpath
Unable to read VR Path Registry from C:\Users\fakhr\AppData\Local\openvr\openvrpaths.vrpath
1530471587600	addons.xpi	DEBUG	Ignoring file entry whose name is not a valid add-on ID: C:\Users\fakhr\AppData\Local\Temp\anonymous2877683724009976402webdriver-profile\extensions\webdriver-staging
1530471587601	addons.xpi	DEBUG	Existing add-on activity-stream@mozilla.org in app-system-defaults
1530471587602	addons.xpi	DEBUG	Existing add-on aushelper@mozilla.org in app-system-defaults
1530471587602	addons.xpi	DEBUG	Existing add-on firefox@getpocket.com in app-system-defaults
1530471587602	addons.xpi	DEBUG	Existing add-on followonsearch@mozilla.com in app-system-defaults
1530471587603	addons.xpi	DEBUG	Existing add-on formautofill@mozilla.org in app-system-defaults
1530471587603	addons.xpi	DEBUG	Existing add-on onboarding@mozilla.org in app-system-defaults
1530471587603	addons.xpi	DEBUG	Existing add-on screenshots@mozilla.org in app-system-defaults
1530471587603	addons.xpi	DEBUG	Existing add-on webcompat-reporter@mozilla.org in app-system-defaults
1530471587604	addons.xpi	DEBUG	Existing add-on webcompat@mozilla.org in app-system-defaults
1530471587604	addons.xpi	DEBUG	Existing add-on {4ED1F68A-5463-4931-9384-8FFF5ED91D92} in winreg-app-global
1530471587604	addons.xpi	DEBUG	getInstallState changed: false, state: {}
JavaScript error: resource://gre/modules/addons/XPIProvider.jsm, line 2189: TypeError: addon is null
1530471608436	addons.productaddons	INFO	sending request to: https://aus5.mozilla.org/update/3/GMP/61.0/20180621125625/WINNT_x86_64-msvc-x64/en-US/release/Windows_NT%2010.0.0.0.17134.137%20(x64)/default/default/update.xml
1530471609317	addons.productaddons	INFO	Completed downloading document
1530471612403	addons.productaddons	INFO	downloadXHR File download. status=200
1530471612411	addons.productaddons	INFO	Downloaded file will be saved to C:\Users\fakhr\AppData\Local\Temp\tmpaddon-beb203
1530471616678	addons.productaddons	INFO	downloadXHR File download. status=200
1530471616683	addons.productaddons	INFO	Downloaded file will be saved to C:\Users\fakhr\AppData\Local\Temp\tmpaddon-4f57e1

	at org.openqa.selenium.firefox.internal.NewProfileExtensionConnection.start(NewProfileExtensionConnection.java:112)
	... 31 more
... Removed 24 stack frames]]>
    </failure>
  </testcase> <!-- @BeforeClass beforeClass -->
  <testcase name="@AfterClass afterClass" time="0.0" classname="testNGSession.TestCaseTwo">
    <failure type="java.lang.NullPointerException">
      <![CDATA[java.lang.NullPointerException
	at testNGSession.TestCaseTwo.afterClass(TestCaseTwo.java:69)
... Removed 24 stack frames]]>
    </failure>
  </testcase> <!-- @AfterClass afterClass -->
  <testcase name="div" time="0.002" classname="testNGSession.TestCaseOne">
    <skipped/>
  </testcase> <!-- div -->
  <testcase name="getpasswordreset" time="0.001" classname="testNGSession.TestCaseOne">
    <skipped/>
  </testcase> <!-- getpasswordreset -->
  <testcase name="getpasswordreset_2" time="0.001" classname="testNGSession.TestCaseTwo">
    <skipped/>
  </testcase> <!-- getpasswordreset_2 -->
</testsuite> <!-- Test -->
