<?xml version="1.0" encoding="UTF-8"?>
<!-- Generated by org.testng.reporters.JUnitXMLReporter -->
<testsuite hostname="Hasan" name="Test" tests="3" failures="1" timestamp="30 Dec 2017 19:49:38 GMT" time="0.13" errors="0">
  <testcase name="testcase011" time="0.05" classname="MavenProject.MavenDec2017.TestNGSessionTwo">
    <failure type="java.lang.NullPointerException">
      <![CDATA[java.lang.NullPointerException
	at MavenProject.MavenDec2017.TestNGSessionTwo.testcase011(TestNGSessionTwo.java:19)
... Removed 27 stack frames]]>
    </failure>
  </testcase> <!-- testcase011 -->
  <testcase name="testcase013" time="0.001" classname="MavenProject.MavenDec2017.TestNGSessionTwo"/>
  <testcase name="testcase012" time="0.0" classname="MavenProject.MavenDec2017.TestNGSessionTwo">
    <skipped/>
  </testcase> <!-- testcase012 -->
</testsuite> <!-- Test -->
